[2024-08-05T15:47:28.054+0000] {local_task_job_runner.py:120} INFO - ::group::Pre task execution logs
[2024-08-05T15:47:28.068+0000] {taskinstance.py:2076} INFO - Dependencies all met for dep_context=non-requeueable deps ti=<TaskInstance: weather_dag.extract_weather_data manual__2024-08-05T15:47:15.128506+00:00 [queued]>
[2024-08-05T15:47:28.076+0000] {taskinstance.py:2076} INFO - Dependencies all met for dep_context=requeueable deps ti=<TaskInstance: weather_dag.extract_weather_data manual__2024-08-05T15:47:15.128506+00:00 [queued]>
[2024-08-05T15:47:28.076+0000] {taskinstance.py:2306} INFO - Starting attempt 1 of 3
[2024-08-05T15:47:28.201+0000] {taskinstance.py:2330} INFO - Executing <Task(HttpOperator): extract_weather_data> on 2024-08-05 15:47:15.128506+00:00
[2024-08-05T15:47:28.207+0000] {standard_task_runner.py:64} INFO - Started process 20613 to run task
[2024-08-05T15:47:28.211+0000] {standard_task_runner.py:90} INFO - Running: ['airflow', 'tasks', 'run', 'weather_dag', 'extract_weather_data', 'manual__2024-08-05T15:47:15.128506+00:00', '--job-id', '12', '--raw', '--subdir', 'DAGS_FOLDER/weather_dag.py', '--cfg-path', '/tmp/tmpihwyeiy8']
[2024-08-05T15:47:28.212+0000] {standard_task_runner.py:91} INFO - Job 12: Subtask extract_weather_data
[2024-08-05T15:47:28.253+0000] {task_command.py:426} INFO - Running <TaskInstance: weather_dag.extract_weather_data manual__2024-08-05T15:47:15.128506+00:00 [running]> on host ip-172-31-17-139.us-east-2.compute.internal
[2024-08-05T15:47:28.317+0000] {taskinstance.py:2648} INFO - Exporting env vars: AIRFLOW_CTX_DAG_EMAIL='myemail@domain.com' AIRFLOW_CTX_DAG_OWNER='airflow' AIRFLOW_CTX_DAG_ID='weather_dag' AIRFLOW_CTX_TASK_ID='extract_weather_data' AIRFLOW_CTX_EXECUTION_DATE='2024-08-05T15:47:15.128506+00:00' AIRFLOW_CTX_TRY_NUMBER='1' AIRFLOW_CTX_DAG_RUN_ID='manual__2024-08-05T15:47:15.128506+00:00'
[2024-08-05T15:47:28.318+0000] {taskinstance.py:430} INFO - ::endgroup::
[2024-08-05T15:47:28.318+0000] {http.py:173} INFO - Calling HTTP method
[2024-08-05T15:47:28.322+0000] {base.py:84} INFO - Using connection ID 'weathermap_api' for task execution.
[2024-08-05T15:47:28.325+0000] {base.py:84} INFO - Using connection ID 'weathermap_api' for task execution.
[2024-08-05T15:47:28.370+0000] {http.py:222} INFO - {"coord":{"lon":-122.6762,"lat":45.5234},"weather":[{"id":800,"main":"Clear","description":"clear sky","icon":"01d"}],"base":"stations","main":{"temp":291.89,"feels_like":291.7,"temp_min":290.47,"temp_max":293.47,"pressure":1016,"humidity":72,"sea_level":1016,"grnd_level":1006},"visibility":10000,"wind":{"speed":0.89,"deg":29,"gust":2.68},"clouds":{"all":0},"dt":1722872838,"sys":{"type":2,"id":2090591,"country":"US","sunrise":1722862798,"sunset":1722915198},"timezone":-25200,"id":5746545,"name":"Portland","cod":200}
[2024-08-05T15:47:28.370+0000] {taskinstance.py:441} INFO - ::group::Post task execution logs
[2024-08-05T15:47:28.388+0000] {taskinstance.py:1206} INFO - Marking task as SUCCESS. dag_id=weather_dag, task_id=extract_weather_data, run_id=manual__2024-08-05T15:47:15.128506+00:00, execution_date=20240805T154715, start_date=20240805T154728, end_date=20240805T154728
[2024-08-05T15:47:28.424+0000] {local_task_job_runner.py:243} INFO - Task exited with return code 0
[2024-08-05T15:47:28.440+0000] {taskinstance.py:3503} INFO - 1 downstream tasks scheduled from follow-on schedule check
[2024-08-05T15:47:28.446+0000] {local_task_job_runner.py:222} INFO - ::endgroup::
