2024-08-05 02:33:37.371 [info] [main] Log level: Info
2024-08-05 02:33:37.371 [info] [main] Validating found git in: "git"
2024-08-05 02:33:37.371 [info] [main] Using git "2.43.0" from "git"
2024-08-05 02:33:37.371 [info] [Model][doInitialScan] Initial repository scan started
2024-08-05 02:33:37.386 [info] > git rev-parse --show-toplevel [17ms]
2024-08-05 02:33:37.386 [info] fatal: not a git repository (or any of the parent directories): .git
2024-08-05 02:33:37.391 [info] > git rev-parse --show-toplevel [1ms]
2024-08-05 02:33:37.391 [info] fatal: not a git repository (or any of the parent directories): .git
2024-08-05 02:33:37.396 [info] > git rev-parse --show-toplevel [1ms]
2024-08-05 02:33:37.396 [info] fatal: not a git repository (or any of the parent directories): .git
2024-08-05 02:33:37.400 [info] > git rev-parse --show-toplevel [1ms]
2024-08-05 02:33:37.400 [info] fatal: not a git repository (or any of the parent directories): .git
2024-08-05 02:33:37.412 [info] > git rev-parse --show-toplevel [9ms]
2024-08-05 02:33:37.412 [info] fatal: not a git repository (or any of the parent directories): .git
2024-08-05 02:33:37.416 [info] > git rev-parse --show-toplevel [0ms]
2024-08-05 02:33:37.416 [info] fatal: not a git repository (or any of the parent directories): .git
2024-08-05 02:33:37.420 [info] > git rev-parse --show-toplevel [1ms]
2024-08-05 02:33:37.420 [info] fatal: not a git repository (or any of the parent directories): .git
2024-08-05 02:33:37.425 [info] [Model][doInitialScan] Initial repository scan completed - repositories (0), closed repositories (0), parent repositories (0), unsafe repositories (0)
2024-08-05 02:33:38.141 [info] > git rev-parse --show-toplevel [1ms]
2024-08-05 02:33:38.141 [info] fatal: not a git repository (or any of the parent directories): .git
2024-08-05 02:34:41.918 [info] > git rev-parse --show-toplevel [1ms]
2024-08-05 02:34:41.918 [info] fatal: not a git repository (or any of the parent directories): .git
2024-08-05 02:34:47.993 [info] > git rev-parse --show-toplevel [4ms]
2024-08-05 02:34:47.994 [info] fatal: not a git repository (or any of the parent directories): .git
2024-08-05 02:34:56.814 [info] > git rev-parse --show-toplevel [0ms]
2024-08-05 02:34:56.814 [info] fatal: not a git repository (or any of the parent directories): .git
2024-08-05 02:34:59.745 [info] > git rev-parse --show-toplevel [2ms]
2024-08-05 02:34:59.745 [info] fatal: not a git repository (or any of the parent directories): .git
2024-08-05 02:34:59.750 [info] > git rev-parse --show-toplevel [1ms]
2024-08-05 02:34:59.750 [info] fatal: not a git repository (or any of the parent directories): .git
2024-08-05 03:56:28.433 [info] > git rev-parse --show-toplevel [5ms]
2024-08-05 03:56:28.434 [info] fatal: not a git repository (or any of the parent directories): .git
2024-08-05 04:19:05.375 [info] > git rev-parse --show-toplevel [1ms]
2024-08-05 04:19:05.375 [info] fatal: not a git repository (or any of the parent directories): .git
2024-08-05 05:24:55.965 [info] > git rev-parse --show-toplevel [1ms]
2024-08-05 05:24:55.965 [info] fatal: not a git repository (or any of the parent directories): .git
2024-08-05 06:29:10.723 [info] > git rev-parse --show-toplevel [3ms]
2024-08-05 06:29:10.723 [info] fatal: not a git repository (or any of the parent directories): .git
2024-08-05 08:40:30.047 [info] > git rev-parse --show-toplevel [2ms]
2024-08-05 08:40:30.047 [info] fatal: not a git repository (or any of the parent directories): .git
2024-08-05 09:47:01.307 [info] > git rev-parse --show-toplevel [5ms]
2024-08-05 09:47:01.307 [info] fatal: not a git repository (or any of the parent directories): .git
2024-08-05 10:23:25.359 [info] > git rev-parse --show-toplevel [1ms]
2024-08-05 10:23:25.359 [info] fatal: not a git repository (or any of the parent directories): .git
2024-08-05 12:23:51.068 [info] > git rev-parse --show-toplevel [51ms]
2024-08-05 12:23:51.069 [info] fatal: not a git repository (or any of the parent directories): .git
