[2024-08-05T16:41:07.243+0000] {local_task_job_runner.py:120} INFO - ::group::Pre task execution logs
[2024-08-05T16:41:07.257+0000] {taskinstance.py:2076} INFO - Dependencies all met for dep_context=non-requeueable deps ti=<TaskInstance: weather_dag.extract_weather_data manual__2024-08-05T16:41:00.565998+00:00 [queued]>
[2024-08-05T16:41:07.265+0000] {taskinstance.py:2076} INFO - Dependencies all met for dep_context=requeueable deps ti=<TaskInstance: weather_dag.extract_weather_data manual__2024-08-05T16:41:00.565998+00:00 [queued]>
[2024-08-05T16:41:07.265+0000] {taskinstance.py:2306} INFO - Starting attempt 1 of 3
[2024-08-05T16:41:07.382+0000] {taskinstance.py:2330} INFO - Executing <Task(HttpOperator): extract_weather_data> on 2024-08-05 16:41:00.565998+00:00
[2024-08-05T16:41:07.389+0000] {standard_task_runner.py:64} INFO - Started process 24989 to run task
[2024-08-05T16:41:07.392+0000] {standard_task_runner.py:90} INFO - Running: ['airflow', 'tasks', 'run', 'weather_dag', 'extract_weather_data', 'manual__2024-08-05T16:41:00.565998+00:00', '--job-id', '20', '--raw', '--subdir', 'DAGS_FOLDER/weather_dag.py', '--cfg-path', '/tmp/tmp9yhd0eb_']
[2024-08-05T16:41:07.393+0000] {standard_task_runner.py:91} INFO - Job 20: Subtask extract_weather_data
[2024-08-05T16:41:07.433+0000] {task_command.py:426} INFO - Running <TaskInstance: weather_dag.extract_weather_data manual__2024-08-05T16:41:00.565998+00:00 [running]> on host ip-172-31-17-139.us-east-2.compute.internal
[2024-08-05T16:41:07.495+0000] {taskinstance.py:2648} INFO - Exporting env vars: AIRFLOW_CTX_DAG_EMAIL='myemail@domain.com' AIRFLOW_CTX_DAG_OWNER='airflow' AIRFLOW_CTX_DAG_ID='weather_dag' AIRFLOW_CTX_TASK_ID='extract_weather_data' AIRFLOW_CTX_EXECUTION_DATE='2024-08-05T16:41:00.565998+00:00' AIRFLOW_CTX_TRY_NUMBER='1' AIRFLOW_CTX_DAG_RUN_ID='manual__2024-08-05T16:41:00.565998+00:00'
[2024-08-05T16:41:07.496+0000] {taskinstance.py:430} INFO - ::endgroup::
[2024-08-05T16:41:07.496+0000] {http.py:173} INFO - Calling HTTP method
[2024-08-05T16:41:07.501+0000] {base.py:84} INFO - Using connection ID 'weathermap_api' for task execution.
[2024-08-05T16:41:07.504+0000] {base.py:84} INFO - Using connection ID 'weathermap_api' for task execution.
[2024-08-05T16:41:07.541+0000] {http.py:222} INFO - {"coord":{"lon":-122.6762,"lat":45.5234},"weather":[{"id":800,"main":"Clear","description":"clear sky","icon":"01d"}],"base":"stations","main":{"temp":294.34,"feels_like":294.16,"temp_min":292.1,"temp_max":296.25,"pressure":1016,"humidity":63,"sea_level":1016,"grnd_level":1006},"visibility":10000,"wind":{"speed":0.89,"deg":315,"gust":3.58},"clouds":{"all":0},"dt":1722876028,"sys":{"type":2,"id":2009470,"country":"US","sunrise":1722862798,"sunset":1722915198},"timezone":-25200,"id":5746545,"name":"Portland","cod":200}
[2024-08-05T16:41:07.542+0000] {taskinstance.py:441} INFO - ::group::Post task execution logs
[2024-08-05T16:41:07.560+0000] {taskinstance.py:1206} INFO - Marking task as SUCCESS. dag_id=weather_dag, task_id=extract_weather_data, run_id=manual__2024-08-05T16:41:00.565998+00:00, execution_date=20240805T164100, start_date=20240805T164107, end_date=20240805T164107
[2024-08-05T16:41:07.604+0000] {local_task_job_runner.py:243} INFO - Task exited with return code 0
[2024-08-05T16:41:07.620+0000] {taskinstance.py:3503} INFO - 1 downstream tasks scheduled from follow-on schedule check
[2024-08-05T16:41:07.626+0000] {local_task_job_runner.py:222} INFO - ::endgroup::
