2024-08-05 20:13:51.715 [info] Extension host with pid 2343 started
2024-08-05 20:13:51.717 [error] Error: EEXIST: file already exists, open '/home/ubuntu/.vscode-server/data/User/workspaceStorage/b5b89fee7a2a76e925e87914721389c6/vscode.lock'
2024-08-05 20:13:51.724 [info] Lock '/home/ubuntu/.vscode-server/data/User/workspaceStorage/b5b89fee7a2a76e925e87914721389c6/vscode.lock': Could not acquire lock, checking if the file is stale.
2024-08-05 20:13:51.739 [info] Lock '/home/ubuntu/.vscode-server/data/User/workspaceStorage/b5b89fee7a2a76e925e87914721389c6/vscode.lock': The pid 20168 appears to be gone.
2024-08-05 20:13:51.740 [info] Lock '/home/ubuntu/.vscode-server/data/User/workspaceStorage/b5b89fee7a2a76e925e87914721389c6/vscode.lock': Deleting a stale lock.
2024-08-05 20:13:51.745 [info] Lock '/home/ubuntu/.vscode-server/data/User/workspaceStorage/b5b89fee7a2a76e925e87914721389c6/vscode.lock': Lock acquired.
2024-08-05 20:13:51.887 [info] ExtensionService#_doActivateExtension vscode.emmet, startup: false, activationEvent: 'onLanguage'
2024-08-05 20:13:51.888 [info] ExtensionService#_doActivateExtension ms-python.python, startup: false, activationEvent: 'onLanguage:python', root cause: ms-python.debugpy
2024-08-05 20:13:52.975 [info] ExtensionService#_doActivateExtension ms-python.debugpy, startup: false, activationEvent: 'onLanguage:python'
2024-08-05 20:13:52.976 [info] ExtensionService#_doActivateExtension ms-python.vscode-pylance, startup: false, activationEvent: 'onLanguage:python'
2024-08-05 20:13:53.594 [info] ExtensionService#_doActivateExtension vscode.git-base, startup: true, activationEvent: '*', root cause: vscode.git
2024-08-05 20:13:53.760 [info] ExtensionService#_doActivateExtension vscode.git, startup: true, activationEvent: '*'
2024-08-05 20:13:53.760 [info] ExtensionService#_doActivateExtension vscode.github, startup: true, activationEvent: '*'
2024-08-05 20:13:54.053 [info] Eager extensions activated
2024-08-05 20:13:54.053 [info] ExtensionService#_doActivateExtension vscode.debug-auto-launch, startup: false, activationEvent: 'onStartupFinished'
2024-08-05 20:13:54.054 [info] ExtensionService#_doActivateExtension vscode.merge-conflict, startup: false, activationEvent: 'onStartupFinished'
2024-08-05 20:14:56.306 [warning] [Decorations] CAPPING events from decorations provider vscode.git 10000
2024-08-05 20:14:58.208 [warning] [Decorations] CAPPING events from decorations provider vscode.git 10000
2024-08-05 20:14:59.428 [error] Error: No such branch: main.
	at N.getBranch (/home/ubuntu/.vscode-server/cli/servers/Stable-b1c0a14de1414fcdaa400695b4db1c0799bc3124/server/extensions/git/dist/main.js:2:936645)
	at async T.retryRun (/home/ubuntu/.vscode-server/cli/servers/Stable-b1c0a14de1414fcdaa400695b4db1c0799bc3124/server/extensions/git/dist/main.js:2:1032124)
	at async T.run (/home/ubuntu/.vscode-server/cli/servers/Stable-b1c0a14de1414fcdaa400695b4db1c0799bc3124/server/extensions/git/dist/main.js:2:1031728)
	at async T.getBranch (/home/ubuntu/.vscode-server/cli/servers/Stable-b1c0a14de1414fcdaa400695b4db1c0799bc3124/server/extensions/git/dist/main.js:2:1020077)
	at async T.getBranchBase (/home/ubuntu/.vscode-server/cli/servers/Stable-b1c0a14de1414fcdaa400695b4db1c0799bc3124/server/extensions/git/dist/main.js:2:1020363)
	at async t.GitHistoryProvider.resolveHEADMergeBase (/home/ubuntu/.vscode-server/cli/servers/Stable-b1c0a14de1414fcdaa400695b4db1c0799bc3124/server/extensions/git/dist/main.js:2:948043)
	at async t.GitHistoryProvider.onDidRunGitStatus (/home/ubuntu/.vscode-server/cli/servers/Stable-b1c0a14de1414fcdaa400695b4db1c0799bc3124/server/extensions/git/dist/main.js:2:941421)
2024-08-05 20:14:59.432 [error] Error: No such branch: main.
	at N.getBranch (/home/ubuntu/.vscode-server/cli/servers/Stable-b1c0a14de1414fcdaa400695b4db1c0799bc3124/server/extensions/git/dist/main.js:2:936645)
	at async T.retryRun (/home/ubuntu/.vscode-server/cli/servers/Stable-b1c0a14de1414fcdaa400695b4db1c0799bc3124/server/extensions/git/dist/main.js:2:1032124)
	at async T.run (/home/ubuntu/.vscode-server/cli/servers/Stable-b1c0a14de1414fcdaa400695b4db1c0799bc3124/server/extensions/git/dist/main.js:2:1031728)
	at async T.getBranch (/home/ubuntu/.vscode-server/cli/servers/Stable-b1c0a14de1414fcdaa400695b4db1c0799bc3124/server/extensions/git/dist/main.js:2:1020077)
	at async T.getBranchBase (/home/ubuntu/.vscode-server/cli/servers/Stable-b1c0a14de1414fcdaa400695b4db1c0799bc3124/server/extensions/git/dist/main.js:2:1020363)
	at async t.GitHistoryProvider.resolveHEADMergeBase (/home/ubuntu/.vscode-server/cli/servers/Stable-b1c0a14de1414fcdaa400695b4db1c0799bc3124/server/extensions/git/dist/main.js:2:948043)
	at async t.GitHistoryProvider.onDidRunGitStatus (/home/ubuntu/.vscode-server/cli/servers/Stable-b1c0a14de1414fcdaa400695b4db1c0799bc3124/server/extensions/git/dist/main.js:2:941421)
2024-08-05 20:16:09.514 [warning] [Decorations] CAPPING events from decorations provider vscode.git 10000
2024-08-05 20:16:10.802 [error] Error: Failed to execute git
	at t.Git._exec (/home/ubuntu/.vscode-server/cli/servers/Stable-b1c0a14de1414fcdaa400695b4db1c0799bc3124/server/extensions/git/dist/main.js:2:910329)
	at process.processTicksAndRejections (node:internal/process/task_queues:95:5)
	at async t.Git.exec (/home/ubuntu/.vscode-server/cli/servers/Stable-b1c0a14de1414fcdaa400695b4db1c0799bc3124/server/extensions/git/dist/main.js:2:909397)
	at async N.exec (/home/ubuntu/.vscode-server/cli/servers/Stable-b1c0a14de1414fcdaa400695b4db1c0799bc3124/server/extensions/git/dist/main.js:2:914900)
	at async N.handleCommitError (/home/ubuntu/.vscode-server/cli/servers/Stable-b1c0a14de1414fcdaa400695b4db1c0799bc3124/server/extensions/git/dist/main.js:2:922614)
	at async N.commit (/home/ubuntu/.vscode-server/cli/servers/Stable-b1c0a14de1414fcdaa400695b4db1c0799bc3124/server/extensions/git/dist/main.js:2:922124)
	at async /home/ubuntu/.vscode-server/cli/servers/Stable-b1c0a14de1414fcdaa400695b4db1c0799bc3124/server/extensions/git/dist/main.js:2:1017121
	at async T.retryRun (/home/ubuntu/.vscode-server/cli/servers/Stable-b1c0a14de1414fcdaa400695b4db1c0799bc3124/server/extensions/git/dist/main.js:2:1032124)
	at async T.run (/home/ubuntu/.vscode-server/cli/servers/Stable-b1c0a14de1414fcdaa400695b4db1c0799bc3124/server/extensions/git/dist/main.js:2:1031728)
	at async T.commit (/home/ubuntu/.vscode-server/cli/servers/Stable-b1c0a14de1414fcdaa400695b4db1c0799bc3124/server/extensions/git/dist/main.js:2:1016803)
	at async /home/ubuntu/.vscode-server/cli/servers/Stable-b1c0a14de1414fcdaa400695b4db1c0799bc3124/server/extensions/github/dist/extension.js:2:313785
2024-08-05 20:16:10.804 [error] Error: No such branch: main.
	at N.getBranch (/home/ubuntu/.vscode-server/cli/servers/Stable-b1c0a14de1414fcdaa400695b4db1c0799bc3124/server/extensions/git/dist/main.js:2:936645)
	at async T.retryRun (/home/ubuntu/.vscode-server/cli/servers/Stable-b1c0a14de1414fcdaa400695b4db1c0799bc3124/server/extensions/git/dist/main.js:2:1032124)
	at async T.run (/home/ubuntu/.vscode-server/cli/servers/Stable-b1c0a14de1414fcdaa400695b4db1c0799bc3124/server/extensions/git/dist/main.js:2:1031728)
	at async T.getBranch (/home/ubuntu/.vscode-server/cli/servers/Stable-b1c0a14de1414fcdaa400695b4db1c0799bc3124/server/extensions/git/dist/main.js:2:1020077)
	at async T.getBranchBase (/home/ubuntu/.vscode-server/cli/servers/Stable-b1c0a14de1414fcdaa400695b4db1c0799bc3124/server/extensions/git/dist/main.js:2:1020363)
	at async t.GitHistoryProvider.resolveHEADMergeBase (/home/ubuntu/.vscode-server/cli/servers/Stable-b1c0a14de1414fcdaa400695b4db1c0799bc3124/server/extensions/git/dist/main.js:2:948043)
	at async t.GitHistoryProvider.onDidRunGitStatus (/home/ubuntu/.vscode-server/cli/servers/Stable-b1c0a14de1414fcdaa400695b4db1c0799bc3124/server/extensions/git/dist/main.js:2:941421)
2024-08-05 20:16:17.135 [warning] [Decorations] CAPPING events from decorations provider vscode.git 10000
2024-08-05 20:16:18.553 [error] Error: No such branch: main.
	at N.getBranch (/home/ubuntu/.vscode-server/cli/servers/Stable-b1c0a14de1414fcdaa400695b4db1c0799bc3124/server/extensions/git/dist/main.js:2:936645)
	at async T.retryRun (/home/ubuntu/.vscode-server/cli/servers/Stable-b1c0a14de1414fcdaa400695b4db1c0799bc3124/server/extensions/git/dist/main.js:2:1032124)
	at async T.run (/home/ubuntu/.vscode-server/cli/servers/Stable-b1c0a14de1414fcdaa400695b4db1c0799bc3124/server/extensions/git/dist/main.js:2:1031728)
	at async T.getBranch (/home/ubuntu/.vscode-server/cli/servers/Stable-b1c0a14de1414fcdaa400695b4db1c0799bc3124/server/extensions/git/dist/main.js:2:1020077)
	at async T.getBranchBase (/home/ubuntu/.vscode-server/cli/servers/Stable-b1c0a14de1414fcdaa400695b4db1c0799bc3124/server/extensions/git/dist/main.js:2:1020363)
	at async t.GitHistoryProvider.resolveHEADMergeBase (/home/ubuntu/.vscode-server/cli/servers/Stable-b1c0a14de1414fcdaa400695b4db1c0799bc3124/server/extensions/git/dist/main.js:2:948043)
	at async t.GitHistoryProvider.onDidRunGitStatus (/home/ubuntu/.vscode-server/cli/servers/Stable-b1c0a14de1414fcdaa400695b4db1c0799bc3124/server/extensions/git/dist/main.js:2:941421)
2024-08-05 20:18:44.386 [warning] [Decorations] CAPPING events from decorations provider vscode.git 10000
2024-08-05 20:18:45.800 [error] Error: No such branch: main.
	at N.getBranch (/home/ubuntu/.vscode-server/cli/servers/Stable-b1c0a14de1414fcdaa400695b4db1c0799bc3124/server/extensions/git/dist/main.js:2:936645)
	at async T.retryRun (/home/ubuntu/.vscode-server/cli/servers/Stable-b1c0a14de1414fcdaa400695b4db1c0799bc3124/server/extensions/git/dist/main.js:2:1032124)
	at async T.run (/home/ubuntu/.vscode-server/cli/servers/Stable-b1c0a14de1414fcdaa400695b4db1c0799bc3124/server/extensions/git/dist/main.js:2:1031728)
	at async T.getBranch (/home/ubuntu/.vscode-server/cli/servers/Stable-b1c0a14de1414fcdaa400695b4db1c0799bc3124/server/extensions/git/dist/main.js:2:1020077)
	at async T.getBranchBase (/home/ubuntu/.vscode-server/cli/servers/Stable-b1c0a14de1414fcdaa400695b4db1c0799bc3124/server/extensions/git/dist/main.js:2:1020363)
	at async t.GitHistoryProvider.resolveHEADMergeBase (/home/ubuntu/.vscode-server/cli/servers/Stable-b1c0a14de1414fcdaa400695b4db1c0799bc3124/server/extensions/git/dist/main.js:2:948043)
	at async t.GitHistoryProvider.onDidRunGitStatus (/home/ubuntu/.vscode-server/cli/servers/Stable-b1c0a14de1414fcdaa400695b4db1c0799bc3124/server/extensions/git/dist/main.js:2:941421)
2024-08-05 20:18:46.189 [warning] [Decorations] CAPPING events from decorations provider vscode.git 10000
2024-08-05 20:18:48.125 [error] Error: No such branch: main.
	at N.getBranch (/home/ubuntu/.vscode-server/cli/servers/Stable-b1c0a14de1414fcdaa400695b4db1c0799bc3124/server/extensions/git/dist/main.js:2:936645)
	at async T.retryRun (/home/ubuntu/.vscode-server/cli/servers/Stable-b1c0a14de1414fcdaa400695b4db1c0799bc3124/server/extensions/git/dist/main.js:2:1032124)
	at async T.run (/home/ubuntu/.vscode-server/cli/servers/Stable-b1c0a14de1414fcdaa400695b4db1c0799bc3124/server/extensions/git/dist/main.js:2:1031728)
	at async T.getBranch (/home/ubuntu/.vscode-server/cli/servers/Stable-b1c0a14de1414fcdaa400695b4db1c0799bc3124/server/extensions/git/dist/main.js:2:1020077)
	at async T.getBranchBase (/home/ubuntu/.vscode-server/cli/servers/Stable-b1c0a14de1414fcdaa400695b4db1c0799bc3124/server/extensions/git/dist/main.js:2:1020363)
	at async t.GitHistoryProvider.resolveHEADMergeBase (/home/ubuntu/.vscode-server/cli/servers/Stable-b1c0a14de1414fcdaa400695b4db1c0799bc3124/server/extensions/git/dist/main.js:2:948043)
	at async t.GitHistoryProvider.onDidRunGitStatus (/home/ubuntu/.vscode-server/cli/servers/Stable-b1c0a14de1414fcdaa400695b4db1c0799bc3124/server/extensions/git/dist/main.js:2:941421)
2024-08-05 20:19:35.196 [warning] [Decorations] CAPPING events from decorations provider vscode.git 10000
2024-08-05 20:19:36.591 [error] Error: No such branch: main.
	at N.getBranch (/home/ubuntu/.vscode-server/cli/servers/Stable-b1c0a14de1414fcdaa400695b4db1c0799bc3124/server/extensions/git/dist/main.js:2:936645)
	at async T.retryRun (/home/ubuntu/.vscode-server/cli/servers/Stable-b1c0a14de1414fcdaa400695b4db1c0799bc3124/server/extensions/git/dist/main.js:2:1032124)
	at async T.run (/home/ubuntu/.vscode-server/cli/servers/Stable-b1c0a14de1414fcdaa400695b4db1c0799bc3124/server/extensions/git/dist/main.js:2:1031728)
	at async T.getBranch (/home/ubuntu/.vscode-server/cli/servers/Stable-b1c0a14de1414fcdaa400695b4db1c0799bc3124/server/extensions/git/dist/main.js:2:1020077)
	at async T.getBranchBase (/home/ubuntu/.vscode-server/cli/servers/Stable-b1c0a14de1414fcdaa400695b4db1c0799bc3124/server/extensions/git/dist/main.js:2:1020363)
	at async t.GitHistoryProvider.resolveHEADMergeBase (/home/ubuntu/.vscode-server/cli/servers/Stable-b1c0a14de1414fcdaa400695b4db1c0799bc3124/server/extensions/git/dist/main.js:2:948043)
	at async t.GitHistoryProvider.onDidRunGitStatus (/home/ubuntu/.vscode-server/cli/servers/Stable-b1c0a14de1414fcdaa400695b4db1c0799bc3124/server/extensions/git/dist/main.js:2:941421)
2024-08-05 20:19:42.088 [warning] [Decorations] CAPPING events from decorations provider vscode.git 10000
2024-08-05 20:19:43.396 [error] Error: No such branch: main.
	at N.getBranch (/home/ubuntu/.vscode-server/cli/servers/Stable-b1c0a14de1414fcdaa400695b4db1c0799bc3124/server/extensions/git/dist/main.js:2:936645)
	at async T.retryRun (/home/ubuntu/.vscode-server/cli/servers/Stable-b1c0a14de1414fcdaa400695b4db1c0799bc3124/server/extensions/git/dist/main.js:2:1032124)
	at async T.run (/home/ubuntu/.vscode-server/cli/servers/Stable-b1c0a14de1414fcdaa400695b4db1c0799bc3124/server/extensions/git/dist/main.js:2:1031728)
	at async T.getBranch (/home/ubuntu/.vscode-server/cli/servers/Stable-b1c0a14de1414fcdaa400695b4db1c0799bc3124/server/extensions/git/dist/main.js:2:1020077)
	at async T.getBranchBase (/home/ubuntu/.vscode-server/cli/servers/Stable-b1c0a14de1414fcdaa400695b4db1c0799bc3124/server/extensions/git/dist/main.js:2:1020363)
	at async t.GitHistoryProvider.resolveHEADMergeBase (/home/ubuntu/.vscode-server/cli/servers/Stable-b1c0a14de1414fcdaa400695b4db1c0799bc3124/server/extensions/git/dist/main.js:2:948043)
	at async t.GitHistoryProvider.onDidRunGitStatus (/home/ubuntu/.vscode-server/cli/servers/Stable-b1c0a14de1414fcdaa400695b4db1c0799bc3124/server/extensions/git/dist/main.js:2:941421)
2024-08-05 20:21:53.387 [warning] [Decorations] CAPPING events from decorations provider vscode.git 10000
2024-08-05 20:21:54.733 [error] Error: No such branch: main.
	at N.getBranch (/home/ubuntu/.vscode-server/cli/servers/Stable-b1c0a14de1414fcdaa400695b4db1c0799bc3124/server/extensions/git/dist/main.js:2:936645)
	at async T.retryRun (/home/ubuntu/.vscode-server/cli/servers/Stable-b1c0a14de1414fcdaa400695b4db1c0799bc3124/server/extensions/git/dist/main.js:2:1032124)
	at async T.run (/home/ubuntu/.vscode-server/cli/servers/Stable-b1c0a14de1414fcdaa400695b4db1c0799bc3124/server/extensions/git/dist/main.js:2:1031728)
	at async T.getBranch (/home/ubuntu/.vscode-server/cli/servers/Stable-b1c0a14de1414fcdaa400695b4db1c0799bc3124/server/extensions/git/dist/main.js:2:1020077)
	at async T.getBranchBase (/home/ubuntu/.vscode-server/cli/servers/Stable-b1c0a14de1414fcdaa400695b4db1c0799bc3124/server/extensions/git/dist/main.js:2:1020363)
	at async t.GitHistoryProvider.resolveHEADMergeBase (/home/ubuntu/.vscode-server/cli/servers/Stable-b1c0a14de1414fcdaa400695b4db1c0799bc3124/server/extensions/git/dist/main.js:2:948043)
	at async t.GitHistoryProvider.onDidRunGitStatus (/home/ubuntu/.vscode-server/cli/servers/Stable-b1c0a14de1414fcdaa400695b4db1c0799bc3124/server/extensions/git/dist/main.js:2:941421)
2024-08-05 20:21:58.729 [info] ExtensionService#_doActivateExtension vscode.npm, startup: false, activationEvent: 'onTerminalQuickFixRequest:ms-vscode.npm-command'
