2024-08-05 15:46:31.255 [info] [main] Log level: Info
2024-08-05 15:46:31.255 [info] [main] Validating found git in: "git"
2024-08-05 15:46:31.255 [info] [main] Using git "2.43.0" from "git"
2024-08-05 15:46:31.255 [info] [Model][doInitialScan] Initial repository scan started
2024-08-05 15:46:31.255 [info] > git rev-parse --show-toplevel [18ms]
2024-08-05 15:46:31.255 [info] fatal: not a git repository (or any of the parent directories): .git
2024-08-05 15:46:31.255 [info] > git rev-parse --show-toplevel [48ms]
2024-08-05 15:46:31.255 [info] fatal: not a git repository (or any of the parent directories): .git
2024-08-05 15:46:31.319 [info] > git rev-parse --show-toplevel [5ms]
2024-08-05 15:46:31.319 [info] fatal: not a git repository (or any of the parent directories): .git
2024-08-05 15:46:31.327 [info] > git rev-parse --show-toplevel [5ms]
2024-08-05 15:46:31.327 [info] fatal: not a git repository (or any of the parent directories): .git
2024-08-05 15:46:31.334 [info] > git rev-parse --show-toplevel [3ms]
2024-08-05 15:46:31.334 [info] fatal: not a git repository (or any of the parent directories): .git
2024-08-05 15:46:31.339 [info] > git rev-parse --show-toplevel [0ms]
2024-08-05 15:46:31.339 [info] fatal: not a git repository (or any of the parent directories): .git
2024-08-05 15:46:31.348 [info] > git rev-parse --show-toplevel [7ms]
2024-08-05 15:46:31.348 [info] fatal: not a git repository (or any of the parent directories): .git
2024-08-05 15:46:31.360 [info] > git rev-parse --show-toplevel [1ms]
2024-08-05 15:46:31.360 [info] fatal: not a git repository (or any of the parent directories): .git
2024-08-05 15:46:31.369 [info] > git rev-parse --show-toplevel [4ms]
2024-08-05 15:46:31.369 [info] fatal: not a git repository (or any of the parent directories): .git
2024-08-05 15:46:31.372 [info] [Model][doInitialScan] Initial repository scan completed - repositories (0), closed repositories (0), parent repositories (0), unsafe repositories (0)
