2024-08-05 20:13:54.212 [info] [main] Log level: Info
2024-08-05 20:13:54.212 [info] [main] Validating found git in: "git"
2024-08-05 20:13:54.212 [info] [main] Using git "2.43.0" from "git"
2024-08-05 20:13:54.212 [info] [Model][doInitialScan] Initial repository scan started
2024-08-05 20:13:54.212 [info] > git rev-parse --show-toplevel [98ms]
2024-08-05 20:13:54.212 [info] fatal: not a git repository (or any of the parent directories): .git
2024-08-05 20:13:54.212 [info] > git rev-parse --show-toplevel [8ms]
2024-08-05 20:13:54.212 [info] fatal: not a git repository (or any of the parent directories): .git
2024-08-05 20:13:54.220 [info] > git rev-parse --show-toplevel [2ms]
2024-08-05 20:13:54.221 [info] fatal: not a git repository (or any of the parent directories): .git
2024-08-05 20:13:54.226 [info] > git rev-parse --show-toplevel [1ms]
2024-08-05 20:13:54.226 [info] fatal: not a git repository (or any of the parent directories): .git
2024-08-05 20:13:54.231 [info] > git rev-parse --show-toplevel [1ms]
2024-08-05 20:13:54.231 [info] fatal: not a git repository (or any of the parent directories): .git
2024-08-05 20:13:54.236 [info] > git rev-parse --show-toplevel [2ms]
2024-08-05 20:13:54.236 [info] fatal: not a git repository (or any of the parent directories): .git
2024-08-05 20:13:54.251 [info] > git rev-parse --show-toplevel [8ms]
2024-08-05 20:13:54.251 [info] fatal: not a git repository (or any of the parent directories): .git
2024-08-05 20:13:54.265 [info] > git rev-parse --show-toplevel [2ms]
2024-08-05 20:13:54.265 [info] fatal: not a git repository (or any of the parent directories): .git
2024-08-05 20:13:54.276 [info] > git rev-parse --show-toplevel [5ms]
2024-08-05 20:13:54.276 [info] fatal: not a git repository (or any of the parent directories): .git
2024-08-05 20:13:54.284 [info] > git rev-parse --show-toplevel [2ms]
2024-08-05 20:13:54.284 [info] fatal: not a git repository (or any of the parent directories): .git
2024-08-05 20:13:54.290 [info] > git rev-parse --show-toplevel [1ms]
2024-08-05 20:13:54.290 [info] fatal: not a git repository (or any of the parent directories): .git
2024-08-05 20:13:54.295 [info] > git rev-parse --show-toplevel [1ms]
2024-08-05 20:13:54.295 [info] fatal: not a git repository (or any of the parent directories): .git
2024-08-05 20:13:54.299 [info] [Model][doInitialScan] Initial repository scan completed - repositories (0), closed repositories (0), parent repositories (0), unsafe repositories (0)
2024-08-05 20:13:54.391 [info] > git rev-parse --show-toplevel [6ms]
2024-08-05 20:13:54.391 [info] fatal: not a git repository (or any of the parent directories): .git
2024-08-05 20:14:51.446 [info] > git init -b main [26ms]
2024-08-05 20:14:51.451 [info] > git rev-parse --show-toplevel [2ms]
2024-08-05 20:14:51.456 [info] > git rev-parse --git-dir --git-common-dir [2ms]
2024-08-05 20:14:51.470 [info] [Model][openRepository] Opened repository: /home/ubuntu
2024-08-05 20:14:51.488 [info] [Git][getRemotes] No remotes found in the git config file
2024-08-05 20:14:51.490 [info] > git config --get commit.template [5ms]
2024-08-05 20:14:51.491 [info] > git for-each-ref --format=%(refname)%00%(upstream:short)%00%(objectname)%00%(upstream:track)%00%(upstream:remotename)%00%(upstream:remoteref) refs/heads/main refs/remotes/main [4ms]
2024-08-05 20:14:51.492 [warning] [Git][getBranch] No such branch: main
2024-08-05 20:14:51.907 [info] > git show --textconv :airflow/dags/weather_dag.py [12ms]
2024-08-05 20:14:51.915 [info] > git ls-files --stage -- /home/ubuntu/airflow/dags/weather_dag.py [9ms]
2024-08-05 20:14:52.046 [info] > git status -z -uall [549ms] (cancelled)
2024-08-05 20:14:52.172 [info] > git check-ignore -v -z --stdin [26ms]
2024-08-05 20:14:52.808 [info] > git ls-files --stage -- /home/ubuntu/airflow/dags/weather_dag.py [1ms]
2024-08-05 20:14:52.887 [info] > git show --textconv :airflow/dags/weather_dag.py [5ms]
2024-08-05 20:14:57.746 [info] > git for-each-ref --format=%(refname)%00%(upstream:short)%00%(objectname)%00%(upstream:track)%00%(upstream:remotename)%00%(upstream:remoteref) refs/heads/main refs/remotes/main [1582ms]
2024-08-05 20:14:57.746 [warning] [Git][getBranch] No such branch: main
2024-08-05 20:14:57.769 [info] > git config --get commit.template [24ms]
2024-08-05 20:14:57.788 [info] [Git][getRemotes] No remotes found in the git config file
2024-08-05 20:14:57.797 [info] > git for-each-ref --format=%(refname)%00%(upstream:short)%00%(objectname)%00%(upstream:track)%00%(upstream:remotename)%00%(upstream:remoteref) refs/heads/main refs/remotes/main [11ms]
2024-08-05 20:14:57.797 [warning] [Git][getBranch] No such branch: main
2024-08-05 20:14:58.223 [info] > git status -z -uall [419ms] (cancelled)
2024-08-05 20:14:58.224 [info] > git for-each-ref --format=%(refname)%00%(upstream:short)%00%(objectname)%00%(upstream:track)%00%(upstream:remotename)%00%(upstream:remoteref) refs/heads/main refs/remotes/main [77ms]
2024-08-05 20:14:58.224 [warning] [Git][getBranch] No such branch: main
2024-08-05 20:14:59.930 [info] > git check-ignore -v -z --stdin [2ms]
2024-08-05 20:16:07.514 [info] > git add -A -- . [76036ms]
2024-08-05 20:16:08.954 [info] > git ls-files --stage -- /home/ubuntu/airflow/dags/weather_dag.py [11ms]
2024-08-05 20:16:08.961 [info] > git cat-file -s fd9d96d3bb0fffd47d96d8fcb002e8d2d8fe004f [2ms]
2024-08-05 20:16:09.011 [info] > git show --textconv :airflow/dags/weather_dag.py [11ms]
2024-08-05 20:16:09.137 [info] > git -c user.useConfigOnly=true commit --quiet --allow-empty-message --file - --allow-empty-message [1619ms]
2024-08-05 20:16:09.137 [info] Author identity unknown

*** Please tell me who you are.

Run

  git config --global user.email "you@example.com"
  git config --global user.name "Your Name"

to set your account's default identity.
Omit --global to set the identity only in this repository.

fatal: no email was given and auto-detection is disabled
2024-08-05 20:16:09.143 [info] > git config --get-all user.name [1ms]
2024-08-05 20:16:09.148 [info] > git config --get commit.template [2ms]
2024-08-05 20:16:09.152 [info] [Git][getRemotes] No remotes found in the git config file
2024-08-05 20:16:09.153 [info] > git for-each-ref --format=%(refname)%00%(upstream:short)%00%(objectname)%00%(upstream:track)%00%(upstream:remotename)%00%(upstream:remoteref) refs/heads/main refs/remotes/main [1ms]
2024-08-05 20:16:09.153 [warning] [Git][getBranch] No such branch: main
2024-08-05 20:16:09.537 [info] > git status -z -uall [381ms] (cancelled)
2024-08-05 20:16:09.537 [info] > git for-each-ref --format=%(refname)%00%(upstream:short)%00%(objectname)%00%(upstream:track)%00%(upstream:remotename)%00%(upstream:remoteref) refs/heads/main refs/remotes/main [88ms]
2024-08-05 20:16:09.537 [warning] [Git][getBranch] No such branch: main
2024-08-05 20:16:11.517 [info] > git ls-files --stage -- /home/ubuntu/airflow/dags/weather_dag.py [13ms]
2024-08-05 20:16:11.523 [info] > git cat-file -s fd9d96d3bb0fffd47d96d8fcb002e8d2d8fe004f [1ms]
2024-08-05 20:16:11.573 [info] > git show --textconv :airflow/dags/weather_dag.py [13ms]
2024-08-05 20:16:16.790 [info] > git -c user.useConfigOnly=true commit --quiet [156ms]
2024-08-05 20:16:16.790 [info] Author identity unknown

*** Please tell me who you are.

Run

  git config --global user.email "you@example.com"
  git config --global user.name "Your Name"

to set your account's default identity.
Omit --global to set the identity only in this repository.

fatal: no email was given and auto-detection is disabled
2024-08-05 20:16:16.796 [info] > git config --get-all user.name [1ms]
2024-08-05 20:16:16.805 [info] [Git][getRemotes] No remotes found in the git config file
2024-08-05 20:16:16.806 [info] > git config --get commit.template [5ms]
2024-08-05 20:16:16.806 [info] > git for-each-ref --format=%(refname)%00%(upstream:short)%00%(objectname)%00%(upstream:track)%00%(upstream:remotename)%00%(upstream:remoteref) refs/heads/main refs/remotes/main [1ms]
2024-08-05 20:16:16.806 [warning] [Git][getBranch] No such branch: main
2024-08-05 20:16:17.150 [info] > git status -z -uall [340ms] (cancelled)
2024-08-05 20:16:17.150 [info] > git for-each-ref --format=%(refname)%00%(upstream:short)%00%(objectname)%00%(upstream:track)%00%(upstream:remotename)%00%(upstream:remoteref) refs/heads/main refs/remotes/main [65ms]
2024-08-05 20:16:17.151 [warning] [Git][getBranch] No such branch: main
2024-08-05 20:16:18.795 [info] > git ls-files --stage -- /home/ubuntu/airflow/dags/weather_dag.py [12ms]
2024-08-05 20:16:18.801 [info] > git cat-file -s fd9d96d3bb0fffd47d96d8fcb002e8d2d8fe004f [1ms]
2024-08-05 20:16:18.852 [info] > git show --textconv :airflow/dags/weather_dag.py [13ms]
2024-08-05 20:18:44.018 [info] > git remote add hanithweater https://github.com/hanith2646/AIrflow-aws-ec2.git [5ms]
2024-08-05 20:18:44.024 [info] > git config --get commit.template [2ms]
2024-08-05 20:18:44.028 [info] > git for-each-ref --format=%(refname)%00%(upstream:short)%00%(objectname)%00%(upstream:track)%00%(upstream:remotename)%00%(upstream:remoteref) refs/heads/main refs/remotes/main [1ms]
2024-08-05 20:18:44.029 [warning] [Git][getBranch] No such branch: main
2024-08-05 20:18:44.414 [info] > git status -z -uall [382ms] (cancelled)
2024-08-05 20:18:44.414 [info] > git for-each-ref --format=%(refname)%00%(upstream:short)%00%(objectname)%00%(upstream:track)%00%(upstream:remotename)%00%(upstream:remoteref) refs/heads/main refs/remotes/main [91ms]
2024-08-05 20:18:44.417 [warning] [Git][getBranch] No such branch: main
2024-08-05 20:18:45.799 [info] > git fetch hanithweater [1395ms]
2024-08-05 20:18:45.799 [info] Auto packing the repository in background for optimum performance.
See "git help gc" for manual housekeeping.
2024-08-05 20:18:45.807 [info] > git config --get commit.template [0ms]
2024-08-05 20:18:45.812 [info] > git for-each-ref --format=%(refname)%00%(upstream:short)%00%(objectname)%00%(upstream:track)%00%(upstream:remotename)%00%(upstream:remoteref) refs/heads/main refs/remotes/main [1ms]
2024-08-05 20:18:45.812 [warning] [Git][getBranch] No such branch: main
2024-08-05 20:18:46.208 [info] > git status -z -uall [391ms] (cancelled)
2024-08-05 20:18:46.208 [info] > git for-each-ref --format=%(refname)%00%(upstream:short)%00%(objectname)%00%(upstream:track)%00%(upstream:remotename)%00%(upstream:remoteref) refs/heads/main refs/remotes/main [77ms]
2024-08-05 20:18:46.208 [warning] [Git][getBranch] No such branch: main
2024-08-05 20:18:48.246 [info] > git ls-files --stage -- /home/ubuntu/airflow/dags/weather_dag.py [33ms]
2024-08-05 20:18:48.255 [info] > git cat-file -s fd9d96d3bb0fffd47d96d8fcb002e8d2d8fe004f [5ms]
2024-08-05 20:18:48.333 [info] > git show --textconv :airflow/dags/weather_dag.py [30ms]
2024-08-05 20:19:34.772 [info] > git -c user.useConfigOnly=true commit --quiet [172ms]
2024-08-05 20:19:34.772 [info] Author identity unknown

*** Please tell me who you are.

Run

  git config --global user.email "you@example.com"
  git config --global user.name "Your Name"

to set your account's default identity.
Omit --global to set the identity only in this repository.

fatal: no email was given and auto-detection is disabled
2024-08-05 20:19:34.779 [info] > git config --get-all user.name [1ms]
2024-08-05 20:19:34.789 [info] > git for-each-ref --format=%(refname)%00%(upstream:short)%00%(objectname)%00%(upstream:track)%00%(upstream:remotename)%00%(upstream:remoteref) refs/heads/main refs/remotes/main [0ms]
2024-08-05 20:19:34.789 [warning] [Git][getBranch] No such branch: main
2024-08-05 20:19:34.789 [info] > git config --get commit.template [5ms]
2024-08-05 20:19:35.215 [info] > git status -z -uall [421ms] (cancelled)
2024-08-05 20:19:35.216 [info] > git for-each-ref --format=%(refname)%00%(upstream:short)%00%(objectname)%00%(upstream:track)%00%(upstream:remotename)%00%(upstream:remoteref) refs/heads/main refs/remotes/main [84ms]
2024-08-05 20:19:35.216 [warning] [Git][getBranch] No such branch: main
2024-08-05 20:19:36.919 [info] > git ls-files --stage -- /home/ubuntu/airflow/dags/weather_dag.py [16ms]
2024-08-05 20:19:36.925 [info] > git cat-file -s fd9d96d3bb0fffd47d96d8fcb002e8d2d8fe004f [1ms]
2024-08-05 20:19:36.976 [info] > git show --textconv :airflow/dags/weather_dag.py [14ms]
2024-08-05 20:19:41.708 [info] > git -c user.useConfigOnly=true commit --quiet [169ms]
2024-08-05 20:19:41.708 [info] Author identity unknown

*** Please tell me who you are.

Run

  git config --global user.email "you@example.com"
  git config --global user.name "Your Name"

to set your account's default identity.
Omit --global to set the identity only in this repository.

fatal: no email was given and auto-detection is disabled
2024-08-05 20:19:41.713 [info] > git config --get-all user.name [1ms]
2024-08-05 20:19:41.723 [info] > git config --get commit.template [5ms]
2024-08-05 20:19:41.724 [info] > git for-each-ref --format=%(refname)%00%(upstream:short)%00%(objectname)%00%(upstream:track)%00%(upstream:remotename)%00%(upstream:remoteref) refs/heads/main refs/remotes/main [1ms]
2024-08-05 20:19:41.724 [warning] [Git][getBranch] No such branch: main
2024-08-05 20:19:42.104 [info] > git status -z -uall [375ms] (cancelled)
2024-08-05 20:19:42.104 [info] > git for-each-ref --format=%(refname)%00%(upstream:short)%00%(objectname)%00%(upstream:track)%00%(upstream:remotename)%00%(upstream:remoteref) refs/heads/main refs/remotes/main [78ms]
2024-08-05 20:19:42.104 [warning] [Git][getBranch] No such branch: main
2024-08-05 20:19:43.491 [info] > git ls-files --stage -- /home/ubuntu/airflow/dags/weather_dag.py [14ms]
2024-08-05 20:19:43.497 [info] > git cat-file -s fd9d96d3bb0fffd47d96d8fcb002e8d2d8fe004f [1ms]
2024-08-05 20:19:43.558 [info] > git show --textconv :airflow/dags/weather_dag.py [13ms]
2024-08-05 20:19:53.311 [info] > git ls-files --stage -- /home/ubuntu/airflow/dags/weather_dag.py [13ms]
2024-08-05 20:19:53.315 [info] > git cat-file -s fd9d96d3bb0fffd47d96d8fcb002e8d2d8fe004f [0ms]
2024-08-05 20:19:53.380 [info] > git show --textconv :airflow/dags/weather_dag.py [14ms]
2024-08-05 20:21:51.415 [info] > git ls-files --stage -- /home/ubuntu/airflow/dags/weather_dag.py [13ms]
2024-08-05 20:21:51.421 [info] > git cat-file -s fd9d96d3bb0fffd47d96d8fcb002e8d2d8fe004f [1ms]
2024-08-05 20:21:51.482 [info] > git show --textconv :airflow/dags/weather_dag.py [14ms]
2024-08-05 20:21:53.033 [info] > git config --get commit.template [4ms]
2024-08-05 20:21:53.033 [info] > git for-each-ref --format=%(refname)%00%(upstream:short)%00%(objectname)%00%(upstream:track)%00%(upstream:remotename)%00%(upstream:remoteref) refs/heads/main refs/remotes/main [1ms]
2024-08-05 20:21:53.034 [warning] [Git][getBranch] No such branch: main
2024-08-05 20:21:53.404 [info] > git status -z -uall [367ms] (cancelled)
2024-08-05 20:21:53.404 [info] > git for-each-ref --format=%(refname)%00%(upstream:short)%00%(objectname)%00%(upstream:track)%00%(upstream:remotename)%00%(upstream:remoteref) refs/heads/main refs/remotes/main [78ms]
2024-08-05 20:21:53.404 [warning] [Git][getBranch] No such branch: main
2024-08-05 20:21:57.107 [info] > git ls-files --stage -- /home/ubuntu/airflow/dags/weather_dag.py [13ms]
2024-08-05 20:21:57.113 [info] > git cat-file -s fd9d96d3bb0fffd47d96d8fcb002e8d2d8fe004f [2ms]
2024-08-05 20:21:57.182 [info] > git show --textconv :airflow/dags/weather_dag.py [14ms]
2024-08-05 20:22:20.907 [info] > git config --get commit.template [4ms]
2024-08-05 20:22:20.908 [info] > git for-each-ref --format=%(refname)%00%(upstream:short)%00%(objectname)%00%(upstream:track)%00%(upstream:remotename)%00%(upstream:remoteref) refs/heads/main refs/remotes/main [2ms]
2024-08-05 20:22:20.908 [warning] [Git][getBranch] No such branch: main
2024-08-05 20:22:21.260 [info] > git status -z -uall [349ms] (cancelled)
2024-08-05 20:22:21.260 [info] > git for-each-ref --format=%(refname)%00%(upstream:short)%00%(objectname)%00%(upstream:track)%00%(upstream:remotename)%00%(upstream:remoteref) refs/heads/main refs/remotes/main [63ms]
2024-08-05 20:22:21.260 [warning] [Git][getBranch] No such branch: main
2024-08-05 20:22:24.874 [info] > git ls-files --stage -- /home/ubuntu/airflow/dags/weather_dag.py [14ms]
2024-08-05 20:22:24.879 [info] > git cat-file -s fd9d96d3bb0fffd47d96d8fcb002e8d2d8fe004f [1ms]
2024-08-05 20:22:25.030 [info] > git show --textconv :airflow/dags/weather_dag.py [14ms]
2024-08-05 20:23:03.243 [info] > git ls-files --stage -- /home/ubuntu/airflow/dags/weather_dag.py [14ms]
2024-08-05 20:23:03.249 [info] > git cat-file -s fd9d96d3bb0fffd47d96d8fcb002e8d2d8fe004f [1ms]
2024-08-05 20:23:03.314 [info] > git show --textconv :airflow/dags/weather_dag.py [14ms]
2024-08-05 20:23:10.153 [info] > git config --get commit.template [4ms]
2024-08-05 20:23:10.154 [info] > git for-each-ref --format=%(refname)%00%(upstream:short)%00%(objectname)%00%(upstream:track)%00%(upstream:remotename)%00%(upstream:remoteref) refs/heads/main refs/remotes/main [1ms]
2024-08-05 20:23:10.366 [info] > git status -z -uall [208ms]
2024-08-05 20:23:10.419 [info] > git for-each-ref --format=%(refname)%00%(upstream:short)%00%(objectname)%00%(upstream:track)%00%(upstream:remotename)%00%(upstream:remoteref) refs/heads/main refs/remotes/main [48ms]
2024-08-05 20:23:10.425 [info] > git config --local branch.main.vscode-merge-base [2ms]
2024-08-05 20:23:10.425 [warning] [Git][config] git config failed: Failed to execute git
2024-08-05 20:23:10.431 [info] > git reflog main --grep-reflog=branch: Created from *. [3ms]
2024-08-05 20:23:10.438 [info] > git symbolic-ref --short refs/remotes/origin/HEAD [4ms]
2024-08-05 20:23:10.438 [info] fatal: ref refs/remotes/origin/HEAD is not a symbolic ref
2024-08-05 20:23:10.794 [info] > git log --format=%H%n%aN%n%aE%n%at%n%ct%n%P%n%D%n%B -z -n32 --max-parents=0 --topo-order --decorate=full HEAD [3ms]
2024-08-05 20:23:10.859 [info] > git log --format=%H%n%aN%n%aE%n%at%n%ct%n%P%n%D%n%B -z --shortstat --diff-merges=first-parent e45d96a9c73a0b77ad86a3f76861cbcf0678f60c.. --topo-order --decorate=full refs/heads/main [2ms]
2024-08-05 20:23:13.644 [info] > git config --get commit.template [6ms]
2024-08-05 20:23:13.645 [info] > git for-each-ref --format=%(refname)%00%(upstream:short)%00%(objectname)%00%(upstream:track)%00%(upstream:remotename)%00%(upstream:remoteref) refs/heads/main refs/remotes/main [1ms]
2024-08-05 20:23:13.884 [info] > git status -z -uall [235ms]
2024-08-05 20:23:13.892 [info] > git for-each-ref --format=%(refname)%00%(upstream:short)%00%(objectname)%00%(upstream:track)%00%(upstream:remotename)%00%(upstream:remoteref) refs/heads/main refs/remotes/main [3ms]
2024-08-05 20:23:13.897 [info] > git config --local branch.main.vscode-merge-base [1ms]
2024-08-05 20:23:13.897 [warning] [Git][config] git config failed: Failed to execute git
2024-08-05 20:23:13.902 [info] > git reflog main --grep-reflog=branch: Created from *. [1ms]
2024-08-05 20:23:13.909 [info] > git symbolic-ref --short refs/remotes/origin/HEAD [2ms]
2024-08-05 20:23:13.909 [info] fatal: ref refs/remotes/origin/HEAD is not a symbolic ref
2024-08-05 20:23:16.670 [info] > git show -s --decorate=full --shortstat --format=%H%n%aN%n%aE%n%at%n%ct%n%P%n%D%n%B -z e45d96a9c73a0b77ad86a3f76861cbcf0678f60c [5818ms]
2024-08-05 20:23:17.330 [info] > git check-ignore -v -z --stdin [16ms]
2024-08-05 20:23:22.130 [info] > git config --get commit.template [4ms]
2024-08-05 20:23:22.130 [info] > git for-each-ref --format=%(refname)%00%(upstream:short)%00%(objectname)%00%(upstream:track)%00%(upstream:remotename)%00%(upstream:remoteref) refs/heads/main refs/remotes/main [1ms]
2024-08-05 20:23:22.343 [info] > git status -z -uall [208ms]
2024-08-05 20:23:22.351 [info] > git for-each-ref --format=%(refname)%00%(upstream:short)%00%(objectname)%00%(upstream:track)%00%(upstream:remotename)%00%(upstream:remoteref) refs/heads/main refs/remotes/main [3ms]
2024-08-05 20:23:22.356 [info] > git config --local branch.main.vscode-merge-base [0ms]
2024-08-05 20:23:22.357 [warning] [Git][config] git config failed: Failed to execute git
2024-08-05 20:23:22.362 [info] > git reflog main --grep-reflog=branch: Created from *. [2ms]
2024-08-05 20:23:22.366 [info] > git symbolic-ref --short refs/remotes/origin/HEAD [1ms]
2024-08-05 20:23:22.366 [info] fatal: ref refs/remotes/origin/HEAD is not a symbolic ref
2024-08-05 20:23:23.941 [info] > git config --get commit.template [4ms]
2024-08-05 20:23:23.942 [info] > git for-each-ref --format=%(refname)%00%(upstream:short)%00%(objectname)%00%(upstream:track)%00%(upstream:remotename)%00%(upstream:remoteref) refs/heads/main refs/remotes/main [2ms]
2024-08-05 20:23:24.157 [info] > git status -z -uall [212ms]
2024-08-05 20:23:24.163 [info] > git for-each-ref --format=%(refname)%00%(upstream:short)%00%(objectname)%00%(upstream:track)%00%(upstream:remotename)%00%(upstream:remoteref) refs/heads/main refs/remotes/main [2ms]
2024-08-05 20:23:24.168 [info] > git config --local branch.main.vscode-merge-base [2ms]
2024-08-05 20:23:24.168 [warning] [Git][config] git config failed: Failed to execute git
2024-08-05 20:23:24.173 [info] > git reflog main --grep-reflog=branch: Created from *. [1ms]
2024-08-05 20:23:24.177 [info] > git symbolic-ref --short refs/remotes/origin/HEAD [0ms]
2024-08-05 20:23:24.177 [info] fatal: ref refs/remotes/origin/HEAD is not a symbolic ref
2024-08-05 20:23:24.821 [info] > git check-ignore -v -z --stdin [16ms]
2024-08-05 20:23:30.207 [info] > git config --get commit.template [4ms]
2024-08-05 20:23:30.207 [info] > git for-each-ref --format=%(refname)%00%(upstream:short)%00%(objectname)%00%(upstream:track)%00%(upstream:remotename)%00%(upstream:remoteref) refs/heads/main refs/remotes/main [1ms]
2024-08-05 20:23:30.417 [info] > git status -z -uall [206ms]
2024-08-05 20:23:30.424 [info] > git for-each-ref --format=%(refname)%00%(upstream:short)%00%(objectname)%00%(upstream:track)%00%(upstream:remotename)%00%(upstream:remoteref) refs/heads/main refs/remotes/main [3ms]
2024-08-05 20:23:30.428 [info] > git config --local branch.main.vscode-merge-base [1ms]
2024-08-05 20:23:30.429 [warning] [Git][config] git config failed: Failed to execute git
2024-08-05 20:23:30.433 [info] > git reflog main --grep-reflog=branch: Created from *. [1ms]
2024-08-05 20:23:30.437 [info] > git symbolic-ref --short refs/remotes/origin/HEAD [1ms]
2024-08-05 20:23:30.437 [info] fatal: ref refs/remotes/origin/HEAD is not a symbolic ref
2024-08-05 20:23:35.430 [info] > git config --get commit.template [2ms]
2024-08-05 20:23:35.434 [info] > git for-each-ref --format=%(refname)%00%(upstream:short)%00%(objectname)%00%(upstream:track)%00%(upstream:remotename)%00%(upstream:remoteref) refs/heads/main refs/remotes/main [1ms]
2024-08-05 20:23:35.646 [info] > git status -z -uall [208ms]
2024-08-05 20:23:35.652 [info] > git for-each-ref --format=%(refname)%00%(upstream:short)%00%(objectname)%00%(upstream:track)%00%(upstream:remotename)%00%(upstream:remoteref) refs/heads/main refs/remotes/main [1ms]
2024-08-05 20:23:35.657 [info] > git config --local branch.main.vscode-merge-base [1ms]
2024-08-05 20:23:35.657 [warning] [Git][config] git config failed: Failed to execute git
2024-08-05 20:23:35.662 [info] > git reflog main --grep-reflog=branch: Created from *. [1ms]
2024-08-05 20:23:35.666 [info] > git symbolic-ref --short refs/remotes/origin/HEAD [1ms]
2024-08-05 20:23:35.666 [info] fatal: ref refs/remotes/origin/HEAD is not a symbolic ref
2024-08-05 20:23:40.661 [info] > git config --get commit.template [4ms]
2024-08-05 20:23:40.661 [info] > git for-each-ref --format=%(refname)%00%(upstream:short)%00%(objectname)%00%(upstream:track)%00%(upstream:remotename)%00%(upstream:remoteref) refs/heads/main refs/remotes/main [1ms]
2024-08-05 20:23:40.871 [info] > git status -z -uall [207ms]
2024-08-05 20:23:40.877 [info] > git for-each-ref --format=%(refname)%00%(upstream:short)%00%(objectname)%00%(upstream:track)%00%(upstream:remotename)%00%(upstream:remoteref) refs/heads/main refs/remotes/main [2ms]
2024-08-05 20:23:40.882 [info] > git config --local branch.main.vscode-merge-base [2ms]
2024-08-05 20:23:40.882 [warning] [Git][config] git config failed: Failed to execute git
2024-08-05 20:23:40.887 [info] > git reflog main --grep-reflog=branch: Created from *. [2ms]
2024-08-05 20:23:40.891 [info] > git symbolic-ref --short refs/remotes/origin/HEAD [1ms]
2024-08-05 20:23:40.891 [info] fatal: ref refs/remotes/origin/HEAD is not a symbolic ref
2024-08-05 20:23:41.531 [info] > git check-ignore -v -z --stdin [14ms]
2024-08-05 20:23:47.032 [info] > git config --get commit.template [4ms]
2024-08-05 20:23:47.032 [info] > git for-each-ref --format=%(refname)%00%(upstream:short)%00%(objectname)%00%(upstream:track)%00%(upstream:remotename)%00%(upstream:remoteref) refs/heads/main refs/remotes/main [1ms]
2024-08-05 20:23:47.243 [info] > git status -z -uall [208ms]
2024-08-05 20:23:47.249 [info] > git for-each-ref --format=%(refname)%00%(upstream:short)%00%(objectname)%00%(upstream:track)%00%(upstream:remotename)%00%(upstream:remoteref) refs/heads/main refs/remotes/main [1ms]
2024-08-05 20:23:47.254 [info] > git config --local branch.main.vscode-merge-base [1ms]
2024-08-05 20:23:47.254 [warning] [Git][config] git config failed: Failed to execute git
2024-08-05 20:23:47.259 [info] > git reflog main --grep-reflog=branch: Created from *. [2ms]
2024-08-05 20:23:47.263 [info] > git symbolic-ref --short refs/remotes/origin/HEAD [1ms]
2024-08-05 20:23:47.263 [info] fatal: ref refs/remotes/origin/HEAD is not a symbolic ref
2024-08-05 20:23:52.259 [info] > git config --get commit.template [5ms]
2024-08-05 20:23:52.259 [info] > git for-each-ref --format=%(refname)%00%(upstream:short)%00%(objectname)%00%(upstream:track)%00%(upstream:remotename)%00%(upstream:remoteref) refs/heads/main refs/remotes/main [1ms]
2024-08-05 20:23:52.469 [info] > git status -z -uall [205ms]
2024-08-05 20:23:52.475 [info] > git for-each-ref --format=%(refname)%00%(upstream:short)%00%(objectname)%00%(upstream:track)%00%(upstream:remotename)%00%(upstream:remoteref) refs/heads/main refs/remotes/main [1ms]
2024-08-05 20:23:52.480 [info] > git config --local branch.main.vscode-merge-base [2ms]
2024-08-05 20:23:52.480 [warning] [Git][config] git config failed: Failed to execute git
2024-08-05 20:23:52.485 [info] > git reflog main --grep-reflog=branch: Created from *. [2ms]
2024-08-05 20:23:52.489 [info] > git symbolic-ref --short refs/remotes/origin/HEAD [1ms]
2024-08-05 20:23:52.489 [info] fatal: ref refs/remotes/origin/HEAD is not a symbolic ref
2024-08-05 20:24:10.754 [info] > git config --get commit.template [4ms]
2024-08-05 20:24:10.755 [info] > git for-each-ref --format=%(refname)%00%(upstream:short)%00%(objectname)%00%(upstream:track)%00%(upstream:remotename)%00%(upstream:remoteref) refs/heads/main refs/remotes/main [1ms]
2024-08-05 20:24:10.964 [info] > git status -z -uall [206ms]
2024-08-05 20:24:10.970 [info] > git for-each-ref --format=%(refname)%00%(upstream:short)%00%(objectname)%00%(upstream:track)%00%(upstream:remotename)%00%(upstream:remoteref) refs/heads/main refs/remotes/main [2ms]
2024-08-05 20:24:10.975 [info] > git config --local branch.main.vscode-merge-base [1ms]
2024-08-05 20:24:10.975 [warning] [Git][config] git config failed: Failed to execute git
2024-08-05 20:24:10.980 [info] > git reflog main --grep-reflog=branch: Created from *. [2ms]
2024-08-05 20:24:10.984 [info] > git symbolic-ref --short refs/remotes/origin/HEAD [1ms]
2024-08-05 20:24:10.984 [info] fatal: ref refs/remotes/origin/HEAD is not a symbolic ref
2024-08-05 20:24:22.464 [info] > git config --get commit.template [4ms]
2024-08-05 20:24:22.465 [info] > git for-each-ref --format=%(refname)%00%(upstream:short)%00%(objectname)%00%(upstream:track)%00%(upstream:remotename)%00%(upstream:remoteref) refs/heads/main refs/remotes/main [1ms]
2024-08-05 20:24:22.673 [info] > git status -z -uall [205ms]
2024-08-05 20:24:22.680 [info] > git for-each-ref --format=%(refname)%00%(upstream:short)%00%(objectname)%00%(upstream:track)%00%(upstream:remotename)%00%(upstream:remoteref) refs/heads/main refs/remotes/main [1ms]
2024-08-05 20:24:22.684 [info] > git config --local branch.main.vscode-merge-base [1ms]
2024-08-05 20:24:22.684 [warning] [Git][config] git config failed: Failed to execute git
2024-08-05 20:24:22.689 [info] > git reflog main --grep-reflog=branch: Created from *. [2ms]
2024-08-05 20:24:22.693 [info] > git symbolic-ref --short refs/remotes/origin/HEAD [1ms]
2024-08-05 20:24:22.693 [info] fatal: ref refs/remotes/origin/HEAD is not a symbolic ref
2024-08-05 20:24:58.677 [info] > git config --get commit.template [4ms]
2024-08-05 20:24:58.678 [info] > git for-each-ref --format=%(refname)%00%(upstream:short)%00%(objectname)%00%(upstream:track)%00%(upstream:remotename)%00%(upstream:remoteref) refs/heads/main refs/remotes/main [1ms]
2024-08-05 20:24:58.885 [info] > git status -z -uall [204ms]
2024-08-05 20:24:58.893 [info] > git for-each-ref --format=%(refname)%00%(upstream:short)%00%(objectname)%00%(upstream:track)%00%(upstream:remotename)%00%(upstream:remoteref) refs/heads/main refs/remotes/main [2ms]
2024-08-05 20:24:58.898 [info] > git config --local branch.main.vscode-merge-base [2ms]
2024-08-05 20:24:58.898 [warning] [Git][config] git config failed: Failed to execute git
2024-08-05 20:24:58.903 [info] > git reflog main --grep-reflog=branch: Created from *. [1ms]
2024-08-05 20:24:58.908 [info] > git symbolic-ref --short refs/remotes/origin/HEAD [0ms]
2024-08-05 20:24:58.909 [info] fatal: ref refs/remotes/origin/HEAD is not a symbolic ref
2024-08-05 20:25:19.691 [info] > git config --get commit.template [4ms]
2024-08-05 20:25:19.692 [info] > git for-each-ref --format=%(refname)%00%(upstream:short)%00%(objectname)%00%(upstream:track)%00%(upstream:remotename)%00%(upstream:remoteref) refs/heads/main refs/remotes/main [1ms]
2024-08-05 20:25:19.901 [info] > git status -z -uall [206ms]
2024-08-05 20:25:19.907 [info] > git for-each-ref --format=%(refname)%00%(upstream:short)%00%(objectname)%00%(upstream:track)%00%(upstream:remotename)%00%(upstream:remoteref) refs/heads/main refs/remotes/main [2ms]
2024-08-05 20:25:19.911 [info] > git config --local branch.main.vscode-merge-base [1ms]
2024-08-05 20:25:19.911 [warning] [Git][config] git config failed: Failed to execute git
2024-08-05 20:25:19.916 [info] > git reflog main --grep-reflog=branch: Created from *. [2ms]
2024-08-05 20:25:19.920 [info] > git symbolic-ref --short refs/remotes/origin/HEAD [1ms]
2024-08-05 20:25:19.920 [info] fatal: ref refs/remotes/origin/HEAD is not a symbolic ref
2024-08-05 20:25:24.915 [info] > git config --get commit.template [3ms]
2024-08-05 20:25:24.916 [info] > git for-each-ref --format=%(refname)%00%(upstream:short)%00%(objectname)%00%(upstream:track)%00%(upstream:remotename)%00%(upstream:remoteref) refs/heads/main refs/remotes/main [1ms]
2024-08-05 20:25:25.123 [info] > git status -z -uall [204ms]
2024-08-05 20:25:25.129 [info] > git for-each-ref --format=%(refname)%00%(upstream:short)%00%(objectname)%00%(upstream:track)%00%(upstream:remotename)%00%(upstream:remoteref) refs/heads/main refs/remotes/main [2ms]
2024-08-05 20:25:25.134 [info] > git config --local branch.main.vscode-merge-base [2ms]
2024-08-05 20:25:25.134 [warning] [Git][config] git config failed: Failed to execute git
2024-08-05 20:25:25.139 [info] > git reflog main --grep-reflog=branch: Created from *. [2ms]
2024-08-05 20:25:25.143 [info] > git symbolic-ref --short refs/remotes/origin/HEAD [1ms]
2024-08-05 20:25:25.143 [info] fatal: ref refs/remotes/origin/HEAD is not a symbolic ref
2024-08-05 20:25:25.201 [info] > git ls-files --stage -- /home/ubuntu/airflow/dags/weather_dag.py [13ms]
2024-08-05 20:25:25.207 [info] > git cat-file -s fd9d96d3bb0fffd47d96d8fcb002e8d2d8fe004f [1ms]
2024-08-05 20:25:25.272 [info] > git show --textconv :airflow/dags/weather_dag.py [13ms]
2024-08-05 20:25:30.137 [info] > git config --get commit.template [4ms]
2024-08-05 20:25:30.138 [info] > git for-each-ref --format=%(refname)%00%(upstream:short)%00%(objectname)%00%(upstream:track)%00%(upstream:remotename)%00%(upstream:remoteref) refs/heads/main refs/remotes/main [2ms]
2024-08-05 20:25:30.346 [info] > git status -z -uall [204ms]
2024-08-05 20:25:30.351 [info] > git for-each-ref --format=%(refname)%00%(upstream:short)%00%(objectname)%00%(upstream:track)%00%(upstream:remotename)%00%(upstream:remoteref) refs/heads/main refs/remotes/main [1ms]
2024-08-05 20:25:30.356 [info] > git config --local branch.main.vscode-merge-base [1ms]
2024-08-05 20:25:30.356 [warning] [Git][config] git config failed: Failed to execute git
2024-08-05 20:25:30.361 [info] > git reflog main --grep-reflog=branch: Created from *. [2ms]
2024-08-05 20:25:30.365 [info] > git symbolic-ref --short refs/remotes/origin/HEAD [1ms]
2024-08-05 20:25:30.365 [info] fatal: ref refs/remotes/origin/HEAD is not a symbolic ref
2024-08-05 20:25:38.931 [info] > git config --get commit.template [3ms]
2024-08-05 20:25:38.931 [info] > git for-each-ref --format=%(refname)%00%(upstream:short)%00%(objectname)%00%(upstream:track)%00%(upstream:remotename)%00%(upstream:remoteref) refs/heads/main refs/remotes/main [1ms]
2024-08-05 20:25:39.139 [info] > git status -z -uall [205ms]
2024-08-05 20:25:39.145 [info] > git for-each-ref --format=%(refname)%00%(upstream:short)%00%(objectname)%00%(upstream:track)%00%(upstream:remotename)%00%(upstream:remoteref) refs/heads/main refs/remotes/main [2ms]
2024-08-05 20:25:39.149 [info] > git config --local branch.main.vscode-merge-base [1ms]
2024-08-05 20:25:39.149 [warning] [Git][config] git config failed: Failed to execute git
2024-08-05 20:25:39.154 [info] > git reflog main --grep-reflog=branch: Created from *. [2ms]
2024-08-05 20:25:39.158 [info] > git symbolic-ref --short refs/remotes/origin/HEAD [1ms]
2024-08-05 20:25:39.158 [info] fatal: ref refs/remotes/origin/HEAD is not a symbolic ref
2024-08-05 20:25:42.086 [info] > git ls-files --stage -- /home/ubuntu/airflow/dags/weather_dag.py [13ms]
2024-08-05 20:25:42.091 [info] > git cat-file -s fd9d96d3bb0fffd47d96d8fcb002e8d2d8fe004f [2ms]
2024-08-05 20:25:42.162 [info] > git show --textconv :airflow/dags/weather_dag.py [13ms]
2024-08-05 20:26:01.982 [info] > git config --get commit.template [4ms]
2024-08-05 20:26:01.982 [info] > git for-each-ref --format=%(refname)%00%(upstream:short)%00%(objectname)%00%(upstream:track)%00%(upstream:remotename)%00%(upstream:remoteref) refs/heads/main refs/remotes/main [1ms]
2024-08-05 20:26:02.194 [info] > git status -z -uall [208ms]
2024-08-05 20:26:02.201 [info] > git for-each-ref --format=%(refname)%00%(upstream:short)%00%(objectname)%00%(upstream:track)%00%(upstream:remotename)%00%(upstream:remoteref) refs/heads/main refs/remotes/main [1ms]
2024-08-05 20:26:02.205 [info] > git config --local branch.main.vscode-merge-base [1ms]
2024-08-05 20:26:02.205 [warning] [Git][config] git config failed: Failed to execute git
2024-08-05 20:26:02.210 [info] > git reflog main --grep-reflog=branch: Created from *. [2ms]
2024-08-05 20:26:02.214 [info] > git symbolic-ref --short refs/remotes/origin/HEAD [1ms]
2024-08-05 20:26:02.214 [info] fatal: ref refs/remotes/origin/HEAD is not a symbolic ref
2024-08-05 20:26:07.209 [info] > git config --get commit.template [4ms]
2024-08-05 20:26:07.210 [info] > git for-each-ref --format=%(refname)%00%(upstream:short)%00%(objectname)%00%(upstream:track)%00%(upstream:remotename)%00%(upstream:remoteref) refs/heads/main refs/remotes/main [1ms]
2024-08-05 20:26:07.425 [info] > git status -z -uall [211ms]
2024-08-05 20:26:07.431 [info] > git for-each-ref --format=%(refname)%00%(upstream:short)%00%(objectname)%00%(upstream:track)%00%(upstream:remotename)%00%(upstream:remoteref) refs/heads/main refs/remotes/main [1ms]
2024-08-05 20:26:07.437 [info] > git config --local branch.main.vscode-merge-base [1ms]
2024-08-05 20:26:07.437 [warning] [Git][config] git config failed: Failed to execute git
2024-08-05 20:26:07.442 [info] > git reflog main --grep-reflog=branch: Created from *. [1ms]
2024-08-05 20:26:07.447 [info] > git symbolic-ref --short refs/remotes/origin/HEAD [1ms]
2024-08-05 20:26:07.447 [info] fatal: ref refs/remotes/origin/HEAD is not a symbolic ref
2024-08-05 20:27:55.214 [info] > git rev-parse --show-toplevel [1ms]
2024-08-05 20:27:55.219 [info] > git rev-parse --git-dir --git-common-dir [1ms]
2024-08-05 20:27:55.228 [info] [Model][openRepository] Opened repository: /home/ubuntu
2024-08-05 20:27:55.237 [info] > git config --get commit.template [3ms]
2024-08-05 20:27:55.237 [info] > git for-each-ref --format=%(refname)%00%(upstream:short)%00%(objectname)%00%(upstream:track)%00%(upstream:remotename)%00%(upstream:remoteref) refs/heads/main refs/remotes/main [1ms]
2024-08-05 20:27:55.483 [info] > git status -z -uall [242ms]
2024-08-05 20:27:55.507 [info] > git for-each-ref --format=%(refname)%00%(upstream:short)%00%(objectname)%00%(upstream:track)%00%(upstream:remotename)%00%(upstream:remoteref) refs/heads/main refs/remotes/main [18ms]
2024-08-05 20:27:55.513 [info] > git config --get commit.template [7ms]
2024-08-05 20:27:55.514 [info] > git config --local branch.main.vscode-merge-base [2ms]
2024-08-05 20:27:55.514 [warning] [Git][config] git config failed: Failed to execute git
2024-08-05 20:27:55.526 [info] > git reflog main --grep-reflog=branch: Created from *. [7ms]
2024-08-05 20:27:55.537 [info] > git for-each-ref --format=%(refname)%00%(upstream:short)%00%(objectname)%00%(upstream:track)%00%(upstream:remotename)%00%(upstream:remoteref) refs/heads/main refs/remotes/main [12ms]
2024-08-05 20:27:55.550 [info] > git symbolic-ref --short refs/remotes/origin/HEAD [17ms]
2024-08-05 20:27:55.550 [info] fatal: ref refs/remotes/origin/HEAD is not a symbolic ref
2024-08-05 20:27:55.662 [info] > git log --format=%H%n%aN%n%aE%n%at%n%ct%n%P%n%D%n%B -z -n32 --max-parents=0 --topo-order --decorate=full HEAD [14ms]
2024-08-05 20:27:55.734 [info] > git log --format=%H%n%aN%n%aE%n%at%n%ct%n%P%n%D%n%B -z --shortstat --diff-merges=first-parent e45d96a9c73a0b77ad86a3f76861cbcf0678f60c.. --topo-order --decorate=full refs/heads/main [11ms]
2024-08-05 20:27:56.047 [info] > git status -z -uall [498ms]
2024-08-05 20:27:56.066 [info] > git check-ignore -v -z --stdin [225ms]
2024-08-05 20:27:56.067 [info] > git for-each-ref --format=%(refname)%00%(upstream:short)%00%(objectname)%00%(upstream:track)%00%(upstream:remotename)%00%(upstream:remoteref) refs/heads/main refs/remotes/main [9ms]
2024-08-05 20:27:56.086 [info] > git config --local branch.main.vscode-merge-base [0ms]
2024-08-05 20:27:56.086 [warning] [Git][config] git config failed: Failed to execute git
2024-08-05 20:27:56.123 [info] > git reflog main --grep-reflog=branch: Created from *. [8ms]
2024-08-05 20:27:56.139 [info] > git symbolic-ref --short refs/remotes/origin/HEAD [7ms]
2024-08-05 20:27:56.139 [info] fatal: ref refs/remotes/origin/HEAD is not a symbolic ref
2024-08-05 20:28:03.955 [info] > git config --get commit.template [5ms]
2024-08-05 20:28:03.956 [info] > git for-each-ref --format=%(refname)%00%(upstream:short)%00%(objectname)%00%(upstream:track)%00%(upstream:remotename)%00%(upstream:remoteref) refs/heads/main refs/remotes/main [1ms]
2024-08-05 20:28:04.180 [info] > git status -z -uall [220ms]
2024-08-05 20:28:04.187 [info] > git for-each-ref --format=%(refname)%00%(upstream:short)%00%(objectname)%00%(upstream:track)%00%(upstream:remotename)%00%(upstream:remoteref) refs/heads/main refs/remotes/main [2ms]
2024-08-05 20:28:04.192 [info] > git config --local branch.main.vscode-merge-base [1ms]
2024-08-05 20:28:04.192 [warning] [Git][config] git config failed: Failed to execute git
2024-08-05 20:28:04.197 [info] > git reflog main --grep-reflog=branch: Created from *. [1ms]
2024-08-05 20:28:04.202 [info] > git symbolic-ref --short refs/remotes/origin/HEAD [1ms]
2024-08-05 20:28:04.202 [info] fatal: ref refs/remotes/origin/HEAD is not a symbolic ref
2024-08-05 20:28:04.845 [info] > git show -s --decorate=full --shortstat --format=%H%n%aN%n%aE%n%at%n%ct%n%P%n%D%n%B -z e45d96a9c73a0b77ad86a3f76861cbcf0678f60c [9129ms]
2024-08-05 20:28:05.418 [info] > git check-ignore -v -z --stdin [15ms]
2024-08-05 20:28:09.195 [info] > git config --get commit.template [3ms]
2024-08-05 20:28:09.195 [info] > git for-each-ref --format=%(refname)%00%(upstream:short)%00%(objectname)%00%(upstream:track)%00%(upstream:remotename)%00%(upstream:remoteref) refs/heads/main refs/remotes/main [1ms]
2024-08-05 20:28:09.406 [info] > git status -z -uall [206ms]
2024-08-05 20:28:09.412 [info] > git for-each-ref --format=%(refname)%00%(upstream:short)%00%(objectname)%00%(upstream:track)%00%(upstream:remotename)%00%(upstream:remoteref) refs/heads/main refs/remotes/main [2ms]
2024-08-05 20:28:09.416 [info] > git config --local branch.main.vscode-merge-base [1ms]
2024-08-05 20:28:09.416 [warning] [Git][config] git config failed: Failed to execute git
2024-08-05 20:28:09.421 [info] > git reflog main --grep-reflog=branch: Created from *. [1ms]
2024-08-05 20:28:09.426 [info] > git symbolic-ref --short refs/remotes/origin/HEAD [1ms]
2024-08-05 20:28:09.426 [info] fatal: ref refs/remotes/origin/HEAD is not a symbolic ref
2024-08-05 20:28:14.421 [info] > git config --get commit.template [3ms]
2024-08-05 20:28:14.421 [info] > git for-each-ref --format=%(refname)%00%(upstream:short)%00%(objectname)%00%(upstream:track)%00%(upstream:remotename)%00%(upstream:remoteref) refs/heads/main refs/remotes/main [1ms]
2024-08-05 20:28:14.631 [info] > git status -z -uall [207ms]
2024-08-05 20:28:14.637 [info] > git for-each-ref --format=%(refname)%00%(upstream:short)%00%(objectname)%00%(upstream:track)%00%(upstream:remotename)%00%(upstream:remoteref) refs/heads/main refs/remotes/main [1ms]
2024-08-05 20:28:14.642 [info] > git config --local branch.main.vscode-merge-base [1ms]
2024-08-05 20:28:14.642 [warning] [Git][config] git config failed: Failed to execute git
2024-08-05 20:28:14.646 [info] > git reflog main --grep-reflog=branch: Created from *. [1ms]
2024-08-05 20:28:14.651 [info] > git symbolic-ref --short refs/remotes/origin/HEAD [1ms]
2024-08-05 20:28:14.651 [info] fatal: ref refs/remotes/origin/HEAD is not a symbolic ref
2024-08-05 20:29:04.302 [info] > git config --get commit.template [4ms]
2024-08-05 20:29:04.303 [info] > git for-each-ref --format=%(refname)%00%(upstream:short)%00%(objectname)%00%(upstream:track)%00%(upstream:remotename)%00%(upstream:remoteref) refs/heads/main refs/remotes/main [1ms]
2024-08-05 20:29:04.517 [info] > git status -z -uall [211ms]
2024-08-05 20:29:04.523 [info] > git for-each-ref --format=%(refname)%00%(upstream:short)%00%(objectname)%00%(upstream:track)%00%(upstream:remotename)%00%(upstream:remoteref) refs/heads/main refs/remotes/main [1ms]
2024-08-05 20:29:04.528 [info] > git config --local branch.main.vscode-merge-base [1ms]
2024-08-05 20:29:04.528 [warning] [Git][config] git config failed: Failed to execute git
2024-08-05 20:29:04.533 [info] > git reflog main --grep-reflog=branch: Created from *. [2ms]
2024-08-05 20:29:04.537 [info] > git symbolic-ref --short refs/remotes/origin/HEAD [1ms]
2024-08-05 20:29:04.537 [info] fatal: ref refs/remotes/origin/HEAD is not a symbolic ref
2024-08-05 20:29:09.532 [info] > git config --get commit.template [4ms]
2024-08-05 20:29:09.533 [info] > git for-each-ref --format=%(refname)%00%(upstream:short)%00%(objectname)%00%(upstream:track)%00%(upstream:remotename)%00%(upstream:remoteref) refs/heads/main refs/remotes/main [1ms]
2024-08-05 20:29:09.740 [info] > git status -z -uall [204ms]
2024-08-05 20:29:09.747 [info] > git for-each-ref --format=%(refname)%00%(upstream:short)%00%(objectname)%00%(upstream:track)%00%(upstream:remotename)%00%(upstream:remoteref) refs/heads/main refs/remotes/main [1ms]
2024-08-05 20:29:09.751 [info] > git config --local branch.main.vscode-merge-base [1ms]
2024-08-05 20:29:09.751 [warning] [Git][config] git config failed: Failed to execute git
2024-08-05 20:29:09.756 [info] > git reflog main --grep-reflog=branch: Created from *. [2ms]
2024-08-05 20:29:09.760 [info] > git symbolic-ref --short refs/remotes/origin/HEAD [1ms]
2024-08-05 20:29:09.760 [info] fatal: ref refs/remotes/origin/HEAD is not a symbolic ref
2024-08-05 20:29:14.755 [info] > git config --get commit.template [4ms]
2024-08-05 20:29:14.756 [info] > git for-each-ref --format=%(refname)%00%(upstream:short)%00%(objectname)%00%(upstream:track)%00%(upstream:remotename)%00%(upstream:remoteref) refs/heads/main refs/remotes/main [2ms]
2024-08-05 20:29:14.966 [info] > git status -z -uall [207ms]
2024-08-05 20:29:14.971 [info] > git for-each-ref --format=%(refname)%00%(upstream:short)%00%(objectname)%00%(upstream:track)%00%(upstream:remotename)%00%(upstream:remoteref) refs/heads/main refs/remotes/main [1ms]
2024-08-05 20:29:14.976 [info] > git config --local branch.main.vscode-merge-base [1ms]
2024-08-05 20:29:14.976 [warning] [Git][config] git config failed: Failed to execute git
2024-08-05 20:29:14.980 [info] > git reflog main --grep-reflog=branch: Created from *. [1ms]
2024-08-05 20:29:14.985 [info] > git symbolic-ref --short refs/remotes/origin/HEAD [1ms]
2024-08-05 20:29:14.985 [info] fatal: ref refs/remotes/origin/HEAD is not a symbolic ref
2024-08-05 20:29:19.979 [info] > git config --get commit.template [4ms]
2024-08-05 20:29:19.980 [info] > git for-each-ref --format=%(refname)%00%(upstream:short)%00%(objectname)%00%(upstream:track)%00%(upstream:remotename)%00%(upstream:remoteref) refs/heads/main refs/remotes/main [1ms]
2024-08-05 20:29:20.184 [info] > git status -z -uall [201ms]
2024-08-05 20:29:20.191 [info] > git for-each-ref --format=%(refname)%00%(upstream:short)%00%(objectname)%00%(upstream:track)%00%(upstream:remotename)%00%(upstream:remoteref) refs/heads/main refs/remotes/main [1ms]
2024-08-05 20:29:20.197 [info] > git config --local branch.main.vscode-merge-base [1ms]
2024-08-05 20:29:20.197 [warning] [Git][config] git config failed: Failed to execute git
2024-08-05 20:29:20.202 [info] > git reflog main --grep-reflog=branch: Created from *. [1ms]
2024-08-05 20:29:20.207 [info] > git symbolic-ref --short refs/remotes/origin/HEAD [1ms]
2024-08-05 20:29:20.207 [info] fatal: ref refs/remotes/origin/HEAD is not a symbolic ref
2024-08-05 20:29:25.200 [info] > git for-each-ref --format=%(refname)%00%(upstream:short)%00%(objectname)%00%(upstream:track)%00%(upstream:remotename)%00%(upstream:remoteref) refs/heads/main refs/remotes/main [2ms]
2024-08-05 20:29:25.200 [info] > git config --get commit.template [5ms]
2024-08-05 20:29:25.411 [info] > git status -z -uall [208ms]
2024-08-05 20:29:25.417 [info] > git for-each-ref --format=%(refname)%00%(upstream:short)%00%(objectname)%00%(upstream:track)%00%(upstream:remotename)%00%(upstream:remoteref) refs/heads/main refs/remotes/main [2ms]
2024-08-05 20:29:25.422 [info] > git config --local branch.main.vscode-merge-base [1ms]
2024-08-05 20:29:25.422 [warning] [Git][config] git config failed: Failed to execute git
2024-08-05 20:29:25.426 [info] > git reflog main --grep-reflog=branch: Created from *. [1ms]
2024-08-05 20:29:25.431 [info] > git symbolic-ref --short refs/remotes/origin/HEAD [2ms]
2024-08-05 20:29:25.431 [info] fatal: ref refs/remotes/origin/HEAD is not a symbolic ref
2024-08-05 20:29:30.424 [info] > git config --get commit.template [4ms]
2024-08-05 20:29:30.425 [info] > git for-each-ref --format=%(refname)%00%(upstream:short)%00%(objectname)%00%(upstream:track)%00%(upstream:remotename)%00%(upstream:remoteref) refs/heads/main refs/remotes/main [1ms]
2024-08-05 20:29:30.638 [info] > git status -z -uall [210ms]
2024-08-05 20:29:30.645 [info] > git for-each-ref --format=%(refname)%00%(upstream:short)%00%(objectname)%00%(upstream:track)%00%(upstream:remotename)%00%(upstream:remoteref) refs/heads/main refs/remotes/main [3ms]
2024-08-05 20:29:30.649 [info] > git config --local branch.main.vscode-merge-base [1ms]
2024-08-05 20:29:30.649 [warning] [Git][config] git config failed: Failed to execute git
2024-08-05 20:29:30.654 [info] > git reflog main --grep-reflog=branch: Created from *. [1ms]
2024-08-05 20:29:30.658 [info] > git symbolic-ref --short refs/remotes/origin/HEAD [1ms]
2024-08-05 20:29:30.658 [info] fatal: ref refs/remotes/origin/HEAD is not a symbolic ref
2024-08-05 20:29:35.652 [info] > git config --get commit.template [5ms]
2024-08-05 20:29:35.652 [info] > git for-each-ref --format=%(refname)%00%(upstream:short)%00%(objectname)%00%(upstream:track)%00%(upstream:remotename)%00%(upstream:remoteref) refs/heads/main refs/remotes/main [1ms]
2024-08-05 20:29:35.862 [info] > git status -z -uall [207ms]
2024-08-05 20:29:35.868 [info] > git for-each-ref --format=%(refname)%00%(upstream:short)%00%(objectname)%00%(upstream:track)%00%(upstream:remotename)%00%(upstream:remoteref) refs/heads/main refs/remotes/main [1ms]
2024-08-05 20:29:35.873 [info] > git config --local branch.main.vscode-merge-base [1ms]
2024-08-05 20:29:35.873 [warning] [Git][config] git config failed: Failed to execute git
2024-08-05 20:29:35.877 [info] > git reflog main --grep-reflog=branch: Created from *. [1ms]
2024-08-05 20:29:35.881 [info] > git symbolic-ref --short refs/remotes/origin/HEAD [1ms]
2024-08-05 20:29:35.881 [info] fatal: ref refs/remotes/origin/HEAD is not a symbolic ref
2024-08-05 20:29:36.535 [info] > git check-ignore -v -z --stdin [14ms]
2024-08-05 20:29:51.072 [info] > git config --get commit.template [4ms]
2024-08-05 20:29:51.073 [info] > git for-each-ref --format=%(refname)%00%(upstream:short)%00%(objectname)%00%(upstream:track)%00%(upstream:remotename)%00%(upstream:remoteref) refs/heads/main refs/remotes/main [2ms]
2024-08-05 20:29:51.282 [info] > git status -z -uall [206ms]
2024-08-05 20:29:51.288 [info] > git for-each-ref --format=%(refname)%00%(upstream:short)%00%(objectname)%00%(upstream:track)%00%(upstream:remotename)%00%(upstream:remoteref) refs/heads/main refs/remotes/main [2ms]
2024-08-05 20:29:51.293 [info] > git config --local branch.main.vscode-merge-base [1ms]
2024-08-05 20:29:51.293 [warning] [Git][config] git config failed: Failed to execute git
2024-08-05 20:29:51.298 [info] > git reflog main --grep-reflog=branch: Created from *. [1ms]
2024-08-05 20:29:51.302 [info] > git symbolic-ref --short refs/remotes/origin/HEAD [1ms]
2024-08-05 20:29:51.302 [info] fatal: ref refs/remotes/origin/HEAD is not a symbolic ref
2024-08-05 20:29:56.296 [info] > git config --get commit.template [4ms]
2024-08-05 20:29:56.297 [info] > git for-each-ref --format=%(refname)%00%(upstream:short)%00%(objectname)%00%(upstream:track)%00%(upstream:remotename)%00%(upstream:remoteref) refs/heads/main refs/remotes/main [2ms]
2024-08-05 20:29:56.506 [info] > git status -z -uall [206ms]
2024-08-05 20:29:56.513 [info] > git for-each-ref --format=%(refname)%00%(upstream:short)%00%(objectname)%00%(upstream:track)%00%(upstream:remotename)%00%(upstream:remoteref) refs/heads/main refs/remotes/main [2ms]
2024-08-05 20:29:56.517 [info] > git config --local branch.main.vscode-merge-base [1ms]
2024-08-05 20:29:56.517 [warning] [Git][config] git config failed: Failed to execute git
2024-08-05 20:29:56.522 [info] > git reflog main --grep-reflog=branch: Created from *. [1ms]
2024-08-05 20:29:56.527 [info] > git symbolic-ref --short refs/remotes/origin/HEAD [2ms]
2024-08-05 20:29:56.527 [info] fatal: ref refs/remotes/origin/HEAD is not a symbolic ref
2024-08-05 20:29:58.346 [info] > git log --format=%H%n%aN%n%aE%n%at%n%ct%n%P%n%D%n%B -z -n32 --max-parents=0 --topo-order --decorate=full HEAD [2ms]
2024-08-05 20:29:58.389 [info] > git log --format=%H%n%aN%n%aE%n%at%n%ct%n%P%n%D%n%B -z --shortstat --diff-merges=first-parent e45d96a9c73a0b77ad86a3f76861cbcf0678f60c.. --topo-order --decorate=full refs/heads/main [3ms]
2024-08-05 20:30:01.524 [info] > git config --get commit.template [4ms]
2024-08-05 20:30:01.526 [info] > git for-each-ref --format=%(refname)%00%(upstream:short)%00%(objectname)%00%(upstream:track)%00%(upstream:remotename)%00%(upstream:remoteref) refs/heads/main refs/remotes/main [3ms]
2024-08-05 20:30:01.764 [info] > git status -z -uall [234ms]
2024-08-05 20:30:01.771 [info] > git for-each-ref --format=%(refname)%00%(upstream:short)%00%(objectname)%00%(upstream:track)%00%(upstream:remotename)%00%(upstream:remoteref) refs/heads/main refs/remotes/main [2ms]
2024-08-05 20:30:01.777 [info] > git config --local branch.main.vscode-merge-base [0ms]
2024-08-05 20:30:01.777 [warning] [Git][config] git config failed: Failed to execute git
2024-08-05 20:30:01.782 [info] > git reflog main --grep-reflog=branch: Created from *. [1ms]
2024-08-05 20:30:01.787 [info] > git symbolic-ref --short refs/remotes/origin/HEAD [1ms]
2024-08-05 20:30:01.787 [info] fatal: ref refs/remotes/origin/HEAD is not a symbolic ref
