2024-08-05 02:35:00.229 [info] Experiment 'pythonCreateEnvOnPipInstall' is active
2024-08-05 02:35:00.229 [info] Experiment 'pythonRecommendTensorboardExt' is active
2024-08-05 02:35:00.229 [info] Experiment 'pythonSurveyNotification' is active
2024-08-05 02:35:00.229 [info] Experiment 'pythonTerminalEnvVarActivation' is active
2024-08-05 02:35:00.229 [info] Experiment 'pythonTestAdapter' is active
2024-08-05 02:35:00.229 [error] Reading directory to watch failed [Error: ENOENT: no such file or directory, scandir '/home/ubuntu/.pixi/envs'
	at Object.readdirSync (node:fs:1507:26)
	at /home/ubuntu/.vscode-server/extensions/ms-python.python-2024.12.1-linux-x64/out/client/extension.js:2:586747
	at /home/ubuntu/.vscode-server/extensions/ms-python.python-2024.12.1-linux-x64/out/client/extension.js:2:586938
	at Array.map (<anonymous>)
	at d.initWatchers (/home/ubuntu/.vscode-server/extensions/ms-python.python-2024.12.1-linux-x64/out/client/extension.js:2:586656)
	at process.processTicksAndRejections (node:internal/process/task_queues:95:5)
	at async d.ensureWatchersReady (/home/ubuntu/.vscode-server/extensions/ms-python.python-2024.12.1-linux-x64/out/client/extension.js:2:543067)] {
  errno: -2,
  code: 'ENOENT',
  syscall: 'scandir',
  path: '/home/ubuntu/.pixi/envs'
}
2024-08-05 02:35:00.229 [error] Dir "/home/ubuntu/.pixi/envs" is not watchable (directory does not exist)
2024-08-05 02:35:00.340 [info] Default formatter is set to null for workspace /home/ubuntu
2024-08-05 02:35:00.967 [warning] Failed to check if /usr/local/bin/python3 is an executable [Error: ENOENT: no such file or directory, lstat '/usr/local/bin/python3'] {
  errno: -2,
  code: 'ENOENT',
  syscall: 'lstat',
  path: '/usr/local/bin/python3'
}
2024-08-05 02:35:01.009 [info] > /usr/local/bin/python3 -I ./.vscode-server/extensions/ms-python.python-2024.12.1-linux-x64/python_files/get_output_via_markers.py ./.vscode-server/extensions/ms-python.python-2024.12.1-linux-x64/python_files/interpreterInfo.py
2024-08-05 02:35:01.012 [error] [Error: Command failed: /usr/local/bin/python3 -I /home/ubuntu/.vscode-server/extensions/ms-python.python-2024.12.1-linux-x64/python_files/get_output_via_markers.py /home/ubuntu/.vscode-server/extensions/ms-python.python-2024.12.1-linux-x64/python_files/interpreterInfo.py
/bin/sh: 1: /usr/local/bin/python3: not found

	at genericNodeError (node:internal/errors:984:15)
	at wrappedFn (node:internal/errors:538:14)
	at ChildProcess.exithandler (node:child_process:422:12)
	at ChildProcess.emit (node:events:531:35)
	at maybeClose (node:internal/child_process:1105:16)
	at Socket.<anonymous> (node:internal/child_process:457:11)
	at Socket.emit (node:events:519:28)
	at Pipe.<anonymous> (node:net:338:12)] {
  code: 127,
  killed: false,
  signal: null,
  cmd: '/usr/local/bin/python3 -I /home/ubuntu/.vscode-server/extensions/ms-python.python-2024.12.1-linux-x64/python_files/get_output_via_markers.py /home/ubuntu/.vscode-server/extensions/ms-python.python-2024.12.1-linux-x64/python_files/interpreterInfo.py'
}
2024-08-05 02:35:01.137 [info] Starting Environment refresh
2024-08-05 02:35:01.149 [info] > pixi --version
2024-08-05 02:35:01.149 [info] > hatch env show --json
2024-08-05 02:35:01.149 [info] cwd: .
2024-08-05 02:35:01.151 [error] [Error: spawn pixi ENOENT
	at ChildProcess._handle.onexit (node:internal/child_process:286:19)
	at onErrorNT (node:internal/child_process:484:16)
	at process.processTicksAndRejections (node:internal/process/task_queues:82:21)] {
  errno: -2,
  code: 'ENOENT',
  syscall: 'spawn pixi',
  path: 'pixi',
  spawnargs: [ '--version' ]
}
2024-08-05 02:35:01.181 [info] > ./airflow_venv/bin/python -I ./.vscode-server/extensions/ms-python.python-2024.12.1-linux-x64/python_files/get_output_via_markers.py ./.vscode-server/extensions/ms-python.python-2024.12.1-linux-x64/python_files/interpreterInfo.py
2024-08-05 02:35:01.189 [info] > ./myenv/bin/python -I ./.vscode-server/extensions/ms-python.python-2024.12.1-linux-x64/python_files/get_output_via_markers.py ./.vscode-server/extensions/ms-python.python-2024.12.1-linux-x64/python_files/interpreterInfo.py
2024-08-05 02:35:01.189 [info] Environments refresh paths discovered: 53 milliseconds
2024-08-05 02:35:03.017 [info] > /usr/local/bin/python3 -I ./.vscode-server/extensions/ms-python.python-2024.12.1-linux-x64/python_files/get_output_via_markers.py ./.vscode-server/extensions/ms-python.python-2024.12.1-linux-x64/python_files/interpreterInfo.py
2024-08-05 02:35:03.019 [error] [Error: Command failed: /usr/local/bin/python3 -I /home/ubuntu/.vscode-server/extensions/ms-python.python-2024.12.1-linux-x64/python_files/get_output_via_markers.py /home/ubuntu/.vscode-server/extensions/ms-python.python-2024.12.1-linux-x64/python_files/interpreterInfo.py
/bin/sh: 1: /usr/local/bin/python3: not found

	at genericNodeError (node:internal/errors:984:15)
	at wrappedFn (node:internal/errors:538:14)
	at ChildProcess.exithandler (node:child_process:422:12)
	at ChildProcess.emit (node:events:531:35)
	at maybeClose (node:internal/child_process:1105:16)
	at Socket.<anonymous> (node:internal/child_process:457:11)
	at Socket.emit (node:events:519:28)
	at Pipe.<anonymous> (node:net:338:12)] {
  code: 127,
  killed: false,
  signal: null,
  cmd: '/usr/local/bin/python3 -I /home/ubuntu/.vscode-server/extensions/ms-python.python-2024.12.1-linux-x64/python_files/get_output_via_markers.py /home/ubuntu/.vscode-server/extensions/ms-python.python-2024.12.1-linux-x64/python_files/interpreterInfo.py'
}
2024-08-05 02:35:03.020 [info] Environments refresh finished (event): 1884 milliseconds
2024-08-05 02:35:03.025 [info] Environment refresh took 1890 milliseconds
2024-08-05 02:35:03.025 [warning] Failed to check if /usr/local/bin/python3 is an executable [Error: ENOENT: no such file or directory, lstat '/usr/local/bin/python3'] {
  errno: -2,
  code: 'ENOENT',
  syscall: 'lstat',
  path: '/usr/local/bin/python3'
}
2024-08-05 02:35:03.030 [info] > pyenv which python
2024-08-05 02:35:03.030 [info] cwd: .
2024-08-05 02:35:03.162 [warning] could not find a pixi interpreter for the interpreter at /home/ubuntu/airflow_venv/bin/python
2024-08-05 02:35:03.295 [info] > . ./airflow_venv/bin/activate && echo 'e8b39361-0157-4923-80e1-22d70d46dee6' && python ./.vscode-server/extensions/ms-python.python-2024.12.1-linux-x64/python_files/printEnvVariables.py
2024-08-05 02:35:03.295 [info] shell: bash
2024-08-05 02:35:03.335 [info] > /usr/bin/python3 ./.vscode-server/extensions/ms-python.python-2024.12.1-linux-x64/python_files/printEnvVariables.py
2024-08-05 02:35:03.335 [info] shell: bash
2024-08-05 02:35:03.374 [info] Setting environment variable VIRTUAL_ENV in collection to /home/ubuntu/airflow_venv {"applyAtShellIntegration":true,"applyAtProcessCreation":true}
2024-08-05 02:35:03.374 [info] Setting environment variable VIRTUAL_ENV_PROMPT in collection to (airflow_venv)  {"applyAtShellIntegration":true,"applyAtProcessCreation":true}
2024-08-05 02:35:03.374 [info] Prepending environment variable PS1 in collection with (airflow_venv)  {"applyAtShellIntegration":true,"applyAtProcessCreation":false}
2024-08-05 02:35:03.374 [info] Prepending environment variable PATH in collection with /home/ubuntu/.vscode-server/extensions/ms-python.python-2024.12.1-linux-x64/python_files/deactivate/bash:/home/ubuntu/airflow_venv/bin: {"applyAtShellIntegration":true,"applyAtProcessCreation":true}
2024-08-05 02:35:03.376 [info] Send text to terminal: /usr/bin/python3 /home/ubuntu/.vscode-server/extensions/ms-python.python-2024.12.1-linux-x64/python_files/printEnvVariablesToFile.py /home/ubuntu/.vscode-server/extensions/ms-python.python-2024.12.1-linux-x64/python_files/deactivate/bash/envVars.txt
2024-08-05 02:35:04.495 [info] Starting Pylance language server.
2024-08-05 02:35:06.902 [info] Discover tests for workspace name: ubuntu - uri: /home/ubuntu/airflow/dags/weather_dag.py
2024-08-05 02:35:13.269 [info] Discover tests for workspace name: ubuntu - uri: /home/ubuntu/airflow/dags/weather_dag.py
2024-08-05 02:35:15.166 [info] Discover tests for workspace name: ubuntu - uri: /home/ubuntu/airflow/dags/weather_dag.py
2024-08-05 02:35:41.259 [info] Discover tests for workspace name: ubuntu - uri: /home/ubuntu/airflow/dags/weather_dag.py
2024-08-05 02:35:58.356 [info] Discover tests for workspace name: ubuntu - uri: /home/ubuntu/airflow/dags/weather_dag.py
2024-08-05 02:35:59.876 [info] Discover tests for workspace name: ubuntu - uri: /home/ubuntu/airflow/dags/weather_dag.py
2024-08-05 02:36:02.154 [info] Discover tests for workspace name: ubuntu - uri: /home/ubuntu/airflow/dags/weather_dag.py
2024-08-05 02:36:07.871 [info] Discover tests for workspace name: ubuntu - uri: /home/ubuntu/airflow/dags/weather_dag.py
2024-08-05 02:36:09.113 [info] Discover tests for workspace name: ubuntu - uri: /home/ubuntu/airflow/dags/weather_dag.py
2024-08-05 02:36:13.923 [info] Discover tests for workspace name: ubuntu - uri: /home/ubuntu/airflow/dags/weather_dag.py
2024-08-05 02:36:15.681 [info] Discover tests for workspace name: ubuntu - uri: /home/ubuntu/airflow/dags/weather_dag.py
2024-08-05 02:36:17.015 [info] Discover tests for workspace name: ubuntu - uri: /home/ubuntu/airflow/dags/weather_dag.py
2024-08-05 02:36:19.019 [info] Discover tests for workspace name: ubuntu - uri: /home/ubuntu/airflow/dags/weather_dag.py
2024-08-05 02:36:23.606 [info] Discover tests for workspace name: ubuntu - uri: /home/ubuntu/airflow/dags/weather_dag.py
2024-08-05 02:36:26.016 [info] Discover tests for workspace name: ubuntu - uri: /home/ubuntu/airflow/dags/weather_dag.py
2024-08-05 02:36:51.794 [info] Discover tests for workspace name: ubuntu - uri: /home/ubuntu/airflow/dags/weather_dag.py
2024-08-05 02:37:14.380 [info] Discover tests for workspace name: ubuntu - uri: /home/ubuntu/airflow/dags/weather_dag.py
2024-08-05 02:38:59.531 [info] Discover tests for workspace name: ubuntu - uri: /home/ubuntu/airflow/dags/weather_dag.py
2024-08-05 02:41:11.247 [info] Discover tests for workspace name: ubuntu - uri: /home/ubuntu/airflow/dags/weather_dag.py
2024-08-05 02:43:05.350 [info] Discover tests for workspace name: ubuntu - uri: /home/ubuntu/airflow/dags/weather_dag.py
2024-08-05 02:43:44.023 [info] Discover tests for workspace name: ubuntu - uri: /home/ubuntu/airflow/dags/weather_dag.py
2024-08-05 02:43:57.109 [info] Discover tests for workspace name: ubuntu - uri: /home/ubuntu/airflow/dags/weather_dag.py
2024-08-05 02:43:59.154 [info] Discover tests for workspace name: ubuntu - uri: /home/ubuntu/airflow/dags/weather_dag.py
2024-08-05 02:44:08.259 [info] Discover tests for workspace name: ubuntu - uri: /home/ubuntu/airflow/dags/weather_dag.py
2024-08-05 02:44:20.283 [info] Discover tests for workspace name: ubuntu - uri: /home/ubuntu/airflow/dags/weather_dag.py
2024-08-05 02:44:24.676 [info] Discover tests for workspace name: ubuntu - uri: /home/ubuntu/airflow/dags/weather_dag.py
2024-08-05 02:44:31.548 [info] Discover tests for workspace name: ubuntu - uri: /home/ubuntu/airflow/dags/weather_dag.py
2024-08-05 02:44:35.395 [info] Discover tests for workspace name: ubuntu - uri: /home/ubuntu/airflow/dags/weather_dag.py
2024-08-05 02:45:55.408 [info] Discover tests for workspace name: ubuntu - uri: /home/ubuntu/airflow/dags/weather_dag.py
2024-08-05 02:47:47.553 [info] Discover tests for workspace name: ubuntu - uri: /home/ubuntu/airflow/dags/weather_dag.py
2024-08-05 02:48:17.295 [info] Discover tests for workspace name: ubuntu - uri: /home/ubuntu/airflow/dags/weather_dag.py
2024-08-05 02:48:21.039 [info] Discover tests for workspace name: ubuntu - uri: /home/ubuntu/airflow/dags/weather_dag.py
2024-08-05 02:49:23.459 [info] Discover tests for workspace name: ubuntu - uri: /home/ubuntu/airflow_venv/lib/python3.12/site-packages/numpy/f2py/setup.cfg
2024-08-05 02:49:26.669 [info] Discover tests for workspace name: ubuntu - uri: /home/ubuntu/airflow_venv/lib/python3.12/site-packages/pandas/pyproject.toml
2024-08-05 02:50:10.908 [info] Discover tests for workspace name: ubuntu - uri: /home/ubuntu/airflow/dags/weather_dag.py
2024-08-05 03:01:55.164 [info] Discover tests for workspace name: ubuntu - uri: /home/ubuntu/airflow/dags/weather_dag.py
2024-08-05 03:02:14.215 [info] Discover tests for workspace name: ubuntu - uri: /home/ubuntu/airflow/dags/weather_dag.py
2024-08-05 03:02:37.339 [info] Discover tests for workspace name: ubuntu - uri: /home/ubuntu/airflow/dags/weather_dag.py
2024-08-05 03:03:35.546 [info] Discover tests for workspace name: ubuntu - uri: /home/ubuntu/airflow/dags/weather_dag.py
2024-08-05 03:04:02.526 [info] Discover tests for workspace name: ubuntu - uri: /home/ubuntu/airflow/dags/weather_dag.py
2024-08-05 03:05:31.448 [info] Discover tests for workspace name: ubuntu - uri: /home/ubuntu/airflow/dags/weather_dag.py
2024-08-05 03:05:32.411 [info] Discover tests for workspace name: ubuntu - uri: /home/ubuntu/airflow/dags/weather_dag.py
2024-08-05 03:05:33.374 [info] Discover tests for workspace name: ubuntu - uri: /home/ubuntu/airflow/dags/weather_dag.py
2024-08-05 03:10:08.021 [info] Discover tests for workspace name: ubuntu - uri: /home/ubuntu/airflow/dags/weather_dag.py
2024-08-05 03:19:33.753 [info] Discover tests for workspace name: ubuntu - uri: /home/ubuntu/airflow/dags/weather_dag.py
